TpTrace Verbose: 0 : 34696, 1, 2025/02/06, 01:20:10.637, 313172649600, vstest.console.dll, Version: 17.10.0-release-24272-11 Current process architecture: X64
TpTrace Verbose: 0 : 34696, 1, 2025/02/06, 01:20:10.639, 313172671216, vstest.console.dll, Runtime location: c:\program files\dotnet\shared\Microsoft.NETCore.App\8.0.8
TpTrace Verbose: 0 : 34696, 1, 2025/02/06, 01:20:10.642, 313172697795, vstest.console.dll, ArtifactProcessingPostProcessModeProcessorExecutor.Initialize: ArtifactProcessingMode.Collect
TpTrace Verbose: 0 : 34696, 1, 2025/02/06, 01:20:10.642, 313172699107, vstest.console.dll, TestSessionCorrelationIdProcessorModeProcessorExecutor.Initialize: TestSessionCorrelationId '38044_efa564ac-a5cf-478f-af3d-6d84011e9b2c'
TpTrace Information: 0 : 34696, 1, 2025/02/06, 01:20:10.649, 313172772607, vstest.console.dll, FilePatternParser: The given file C:\Users\David\source\repos\PruebaTecnica\ClothesShop\Tests\bin\Debug\net8.0\fine-code-coverage\build-output\Tests.dll is a full path.
TpTrace Verbose: 0 : 34696, 1, 2025/02/06, 01:20:10.654, 313172821292, vstest.console.dll, TestPluginCache.DiscoverTestExtensions: finding test extensions in assemblies ends with: RuntimeProvider.dll TPluginInfo: Microsoft.VisualStudio.TestPlatform.Common.ExtensionFramework.Utilities.TestRuntimePluginInformation TExtension: Microsoft.VisualStudio.TestPlatform.ObjectModel.Host.ITestRuntimeProvider
TpTrace Verbose: 0 : 34696, 1, 2025/02/06, 01:20:10.655, 313172832080, vstest.console.dll, TestPluginCache.GetExtensionPaths: Filtered extension paths: 
TpTrace Verbose: 0 : 34696, 1, 2025/02/06, 01:20:10.655, 313172832791, vstest.console.dll, TestPluginCache.GetExtensionPaths: Added default extension paths: c:\program files\dotnet\sdk\8.0.303\Extensions\Microsoft.Diagnostics.NETCore.Client.dll
c:\program files\dotnet\sdk\8.0.303\Extensions\Microsoft.TestPlatform.Extensions.BlameDataCollector.dll
c:\program files\dotnet\sdk\8.0.303\Extensions\Microsoft.TestPlatform.Extensions.EventLogCollector.dll
c:\program files\dotnet\sdk\8.0.303\Extensions\Microsoft.TestPlatform.TestHostRuntimeProvider.dll
c:\program files\dotnet\sdk\8.0.303\Extensions\Microsoft.VisualStudio.TestPlatform.Extensions.Html.TestLogger.dll
c:\program files\dotnet\sdk\8.0.303\Extensions\Microsoft.VisualStudio.TestPlatform.Extensions.Trx.TestLogger.dll
TpTrace Verbose: 0 : 34696, 1, 2025/02/06, 01:20:10.655, 313172833001, vstest.console.dll, TestPluginCache.GetExtensionPaths: Added unfilterableExtensionPaths: 
TpTrace Information: 0 : 34696, 1, 2025/02/06, 01:20:10.656, 313172837540, vstest.console.dll, AssemblyResolver.ctor: Creating AssemblyResolver with searchDirectories c:\program files\dotnet\sdk\8.0.303\Extensions,c:\program files\dotnet\sdk\8.0.303
TpTrace Verbose: 0 : 34696, 1, 2025/02/06, 01:20:10.657, 313172844022, vstest.console.dll, TestPluginCache.DiscoverTestExtensions: Discovering the extensions using extension path.
TpTrace Verbose: 0 : 34696, 1, 2025/02/06, 01:20:10.657, 313172844767, vstest.console.dll, TestPluginCache.GetExtensionPaths: Filtered extension paths: 
TpTrace Verbose: 0 : 34696, 1, 2025/02/06, 01:20:10.657, 313172845031, vstest.console.dll, TestPluginCache.GetExtensionPaths: Added default extension paths: c:\program files\dotnet\sdk\8.0.303\Extensions\Microsoft.Diagnostics.NETCore.Client.dll
c:\program files\dotnet\sdk\8.0.303\Extensions\Microsoft.TestPlatform.Extensions.BlameDataCollector.dll
c:\program files\dotnet\sdk\8.0.303\Extensions\Microsoft.TestPlatform.Extensions.EventLogCollector.dll
c:\program files\dotnet\sdk\8.0.303\Extensions\Microsoft.TestPlatform.TestHostRuntimeProvider.dll
c:\program files\dotnet\sdk\8.0.303\Extensions\Microsoft.VisualStudio.TestPlatform.Extensions.Html.TestLogger.dll
c:\program files\dotnet\sdk\8.0.303\Extensions\Microsoft.VisualStudio.TestPlatform.Extensions.Trx.TestLogger.dll
TpTrace Verbose: 0 : 34696, 1, 2025/02/06, 01:20:10.657, 313172845215, vstest.console.dll, TestPluginCache.GetExtensionPaths: Added unfilterableExtensionPaths: 
TpTrace Verbose: 0 : 34696, 1, 2025/02/06, 01:20:10.657, 313172845572, vstest.console.dll, TestPluginCache.DiscoverTestExtensions: Discovering the extensions using allExtensionPaths: c:\program files\dotnet\sdk\8.0.303\Extensions\Microsoft.Diagnostics.NETCore.Client.dll
c:\program files\dotnet\sdk\8.0.303\Extensions\Microsoft.TestPlatform.Extensions.BlameDataCollector.dll
c:\program files\dotnet\sdk\8.0.303\Extensions\Microsoft.TestPlatform.Extensions.EventLogCollector.dll
c:\program files\dotnet\sdk\8.0.303\Extensions\Microsoft.TestPlatform.TestHostRuntimeProvider.dll
c:\program files\dotnet\sdk\8.0.303\Extensions\Microsoft.VisualStudio.TestPlatform.Extensions.Html.TestLogger.dll
c:\program files\dotnet\sdk\8.0.303\Extensions\Microsoft.VisualStudio.TestPlatform.Extensions.Trx.TestLogger.dll
TpTrace Information: 0 : 34696, 1, 2025/02/06, 01:20:10.657, 313172846850, vstest.console.dll, AssemblyResolver.AddSearchDirectories: Adding more searchDirectories c:\program files\dotnet\sdk\8.0.303\Extensions,c:\program files\dotnet\sdk\8.0.303
TpTrace Information: 0 : 34696, 1, 2025/02/06, 01:20:10.657, 313172847233, vstest.console.dll, AssemblyResolver.AddSearchDirectories: Adding more searchDirectories c:\program files\dotnet\sdk\8.0.303\Extensions,c:\program files\dotnet\sdk\8.0.303
TpTrace Information: 0 : 34696, 1, 2025/02/06, 01:20:10.657, 313172847505, vstest.console.dll, AssemblyResolver.AddSearchDirectories: Adding more searchDirectories c:\program files\dotnet\sdk\8.0.303\Extensions,c:\program files\dotnet\sdk\8.0.303
TpTrace Information: 0 : 34696, 1, 2025/02/06, 01:20:10.657, 313172847691, vstest.console.dll, AssemblyResolver.AddSearchDirectories: Adding more searchDirectories c:\program files\dotnet\sdk\8.0.303\Extensions,c:\program files\dotnet\sdk\8.0.303
TpTrace Information: 0 : 34696, 1, 2025/02/06, 01:20:10.657, 313172847858, vstest.console.dll, AssemblyResolver.AddSearchDirectories: Adding more searchDirectories c:\program files\dotnet\sdk\8.0.303\Extensions,c:\program files\dotnet\sdk\8.0.303
TpTrace Information: 0 : 34696, 1, 2025/02/06, 01:20:10.657, 313172848068, vstest.console.dll, AssemblyResolver.AddSearchDirectories: Adding more searchDirectories c:\program files\dotnet\sdk\8.0.303\Extensions,c:\program files\dotnet\sdk\8.0.303
TpTrace Information: 0 : 34696, 1, 2025/02/06, 01:20:10.657, 313172850359, vstest.console.dll, AssemblyResolver.OnResolve: Microsoft.Diagnostics.NETCore.Client: Resolving assembly.
TpTrace Information: 0 : 34696, 1, 2025/02/06, 01:20:10.657, 313172850965, vstest.console.dll, AssemblyResolver.OnResolve: Microsoft.Diagnostics.NETCore.Client: Searching in: 'c:\program files\dotnet\sdk\8.0.303\Extensions'.
TpTrace Information: 0 : 34696, 1, 2025/02/06, 01:20:10.662, 313172897771, vstest.console.dll, AssemblyResolver.OnResolve: Microsoft.Diagnostics.NETCore.Client: Loading assembly 'c:\program files\dotnet\sdk\8.0.303\Extensions\Microsoft.Diagnostics.NETCore.Client.dll'.
TpTrace Information: 0 : 34696, 1, 2025/02/06, 01:20:10.662, 313172903276, vstest.console.dll, AssemblyResolver.OnResolve: Resolved assembly: Microsoft.Diagnostics.NETCore.Client, from path: c:\program files\dotnet\sdk\8.0.303\Extensions\Microsoft.Diagnostics.NETCore.Client.dll
TpTrace Verbose: 0 : 34696, 1, 2025/02/06, 01:20:10.666, 313172935341, vstest.console.dll, MetadataReaderExtensionsHelper: Discovering extensions inside assembly 'Microsoft.Diagnostics.NETCore.Client, Version=0.2.10.15101, Culture=neutral, PublicKeyToken=31bf3856ad364e35' file path 'c:\program files\dotnet\sdk\8.0.303\Extensions\Microsoft.Diagnostics.NETCore.Client.dll'
TpTrace Information: 0 : 34696, 1, 2025/02/06, 01:20:10.669, 313172969617, vstest.console.dll, AssemblyResolver.OnResolve: Microsoft.Bcl.AsyncInterfaces: Resolving assembly.
TpTrace Information: 0 : 34696, 1, 2025/02/06, 01:20:10.669, 313172970599, vstest.console.dll, AssemblyResolver.OnResolve: Microsoft.Bcl.AsyncInterfaces: Searching in: 'c:\program files\dotnet\sdk\8.0.303\Extensions'.
TpTrace Information: 0 : 34696, 1, 2025/02/06, 01:20:10.669, 313172972452, vstest.console.dll, AssemblyResolver.OnResolve: Microsoft.Bcl.AsyncInterfaces: Assembly path does not exist: 'c:\program files\dotnet\sdk\8.0.303\Extensions\Microsoft.Bcl.AsyncInterfaces.dll', returning.
TpTrace Information: 0 : 34696, 1, 2025/02/06, 01:20:10.670, 313172974061, vstest.console.dll, AssemblyResolver.OnResolve: Microsoft.Bcl.AsyncInterfaces: Assembly path does not exist: 'c:\program files\dotnet\sdk\8.0.303\Extensions\Microsoft.Bcl.AsyncInterfaces.exe', returning.
TpTrace Information: 0 : 34696, 1, 2025/02/06, 01:20:10.670, 313172974321, vstest.console.dll, AssemblyResolver.OnResolve: Microsoft.Bcl.AsyncInterfaces: Searching in: 'c:\program files\dotnet\sdk\8.0.303'.
TpTrace Information: 0 : 34696, 1, 2025/02/06, 01:20:10.670, 313172977943, vstest.console.dll, AssemblyResolver.OnResolve: Microsoft.Bcl.AsyncInterfaces: Assembly path does not exist: 'c:\program files\dotnet\sdk\8.0.303\Microsoft.Bcl.AsyncInterfaces.dll', returning.
TpTrace Information: 0 : 34696, 1, 2025/02/06, 01:20:10.670, 313172979319, vstest.console.dll, AssemblyResolver.OnResolve: Microsoft.Bcl.AsyncInterfaces: Assembly path does not exist: 'c:\program files\dotnet\sdk\8.0.303\Microsoft.Bcl.AsyncInterfaces.exe', returning.
TpTrace Information: 0 : 34696, 1, 2025/02/06, 01:20:10.670, 313172979587, vstest.console.dll, AssemblyResolver.OnResolve: Microsoft.Bcl.AsyncInterfaces: Failed to load assembly.
TpTrace Verbose: 0 : 34696, 1, 2025/02/06, 01:20:10.670, 313172979798, vstest.console.dll, CurrentDomainAssemblyResolve: Resolving assembly 'Microsoft.Bcl.AsyncInterfaces'.
TpTrace Information: 0 : 34696, 1, 2025/02/06, 01:20:10.670, 313172980181, vstest.console.dll, AssemblyResolver.OnResolve: Microsoft.Bcl.AsyncInterfaces: Resolving assembly.
TpTrace Information: 0 : 34696, 1, 2025/02/06, 01:20:10.670, 313172980427, vstest.console.dll, AssemblyResolver.OnResolve: Microsoft.Bcl.AsyncInterfaces: Resolved from cache.
TpTrace Verbose: 0 : 34696, 1, 2025/02/06, 01:20:10.670, 313172980586, vstest.console.dll, CurrentDomainAssemblyResolve: Resolving assembly 'Microsoft.Bcl.AsyncInterfaces'.
TpTrace Verbose: 0 : 34696, 1, 2025/02/06, 01:20:10.670, 313172980826, vstest.console.dll, CurrentDomainAssemblyResolve: Failed to resolve assembly 'Microsoft.Bcl.AsyncInterfaces'.
TpTrace Verbose: 0 : 34696, 1, 2025/02/06, 01:20:10.671, 313172986983, vstest.console.dll, CurrentDomainAssemblyResolve: Failed to resolve assembly 'Microsoft.Bcl.AsyncInterfaces'.
TpTrace Warning: 0 : 34696, 1, 2025/02/06, 01:20:10.678, 313173060627, vstest.console.dll, TestPluginDiscoverer: Failed to get types from assembly 'Microsoft.Diagnostics.NETCore.Client, Version=0.2.10.15101, Culture=neutral, PublicKeyToken=31bf3856ad364e35'. Error: System.Reflection.ReflectionTypeLoadException: Unable to load one or more of the requested types.
Could not load file or assembly 'Microsoft.Bcl.AsyncInterfaces, Version=6.0.0.0, Culture=neutral, PublicKeyToken=cc7b13ffcd2ddd51'. El sistema no puede encontrar el archivo especificado.
   at System.Reflection.RuntimeModule.GetTypes(RuntimeModule module)
   at System.Reflection.RuntimeModule.GetTypes()
   at Microsoft.VisualStudio.TestPlatform.Common.ExtensionFramework.TestPluginDiscoverer.GetTestExtensionsFromAssembly[TPluginInfo,TExtension](Assembly assembly, Dictionary`2 pluginInfos, String filePath) in /_/src/Microsoft.TestPlatform.Common/ExtensionFramework/TestPluginDiscoverer.cs:line 158
System.IO.FileNotFoundException: Could not load file or assembly 'Microsoft.Bcl.AsyncInterfaces, Version=6.0.0.0, Culture=neutral, PublicKeyToken=cc7b13ffcd2ddd51'. El sistema no puede encontrar el archivo especificado.
File name: 'Microsoft.Bcl.AsyncInterfaces, Version=6.0.0.0, Culture=neutral, PublicKeyToken=cc7b13ffcd2ddd51'
 ---> System.IO.FileNotFoundException: Could not load file or assembly 'Microsoft.Bcl.AsyncInterfaces, Culture=neutral, PublicKeyToken=null'. El sistema no puede encontrar el archivo especificado.
File name: 'Microsoft.Bcl.AsyncInterfaces, Culture=neutral, PublicKeyToken=null'
   at System.Reflection.RuntimeAssembly.InternalLoad(AssemblyName assemblyName, StackCrawlMark& stackMark, AssemblyLoadContext assemblyLoadContext, RuntimeAssembly requestingAssembly, Boolean throwOnFileNotFound)
   at System.Reflection.Assembly.Load(AssemblyName assemblyRef)
   at Microsoft.VisualStudio.TestPlatform.Common.ExtensionFramework.TestPluginCache.CurrentDomainAssemblyResolve(Object sender, AssemblyResolveEventArgs args) in /_/src/Microsoft.TestPlatform.Common/ExtensionFramework/TestPluginCache.cs:line 513
   at System.Runtime.Loader.AssemblyLoadContext.GetFirstResolvedAssemblyFromResolvingEvent(AssemblyName assemblyName)
   at System.Runtime.Loader.AssemblyLoadContext.ResolveUsingEvent(AssemblyName assemblyName)
   at System.Runtime.Loader.AssemblyLoadContext.ResolveUsingResolvingEvent(IntPtr gchManagedAssemblyLoadContext, AssemblyName assemblyName)
TpTrace Warning: 0 : 34696, 1, 2025/02/06, 01:20:10.679, 313173063540, vstest.console.dll, LoaderExceptions: System.IO.FileNotFoundException: Could not load file or assembly 'Microsoft.Bcl.AsyncInterfaces, Version=6.0.0.0, Culture=neutral, PublicKeyToken=cc7b13ffcd2ddd51'. El sistema no puede encontrar el archivo especificado.
File name: 'Microsoft.Bcl.AsyncInterfaces, Version=6.0.0.0, Culture=neutral, PublicKeyToken=cc7b13ffcd2ddd51'
 ---> System.IO.FileNotFoundException: Could not load file or assembly 'Microsoft.Bcl.AsyncInterfaces, Culture=neutral, PublicKeyToken=null'. El sistema no puede encontrar el archivo especificado.
File name: 'Microsoft.Bcl.AsyncInterfaces, Culture=neutral, PublicKeyToken=null'
   at System.Reflection.RuntimeAssembly.InternalLoad(AssemblyName assemblyName, StackCrawlMark& stackMark, AssemblyLoadContext assemblyLoadContext, RuntimeAssembly requestingAssembly, Boolean throwOnFileNotFound)
   at System.Reflection.Assembly.Load(AssemblyName assemblyRef)
   at Microsoft.VisualStudio.TestPlatform.Common.ExtensionFramework.TestPluginCache.CurrentDomainAssemblyResolve(Object sender, AssemblyResolveEventArgs args) in /_/src/Microsoft.TestPlatform.Common/ExtensionFramework/TestPluginCache.cs:line 513
   at System.Runtime.Loader.AssemblyLoadContext.GetFirstResolvedAssemblyFromResolvingEvent(AssemblyName assemblyName)
   at System.Runtime.Loader.AssemblyLoadContext.ResolveUsingEvent(AssemblyName assemblyName)
   at System.Runtime.Loader.AssemblyLoadContext.ResolveUsingResolvingEvent(IntPtr gchManagedAssemblyLoadContext, AssemblyName assemblyName)
TpTrace Information: 0 : 34696, 1, 2025/02/06, 01:20:10.679, 313173065779, vstest.console.dll, AssemblyResolver.OnResolve: Microsoft.TestPlatform.Extensions.BlameDataCollector: Resolving assembly.
TpTrace Information: 0 : 34696, 1, 2025/02/06, 01:20:10.679, 313173066895, vstest.console.dll, AssemblyResolver.OnResolve: Microsoft.TestPlatform.Extensions.BlameDataCollector: Searching in: 'c:\program files\dotnet\sdk\8.0.303\Extensions'.
TpTrace Information: 0 : 34696, 1, 2025/02/06, 01:20:10.680, 313173073404, vstest.console.dll, AssemblyResolver.OnResolve: Microsoft.TestPlatform.Extensions.BlameDataCollector: Loading assembly 'c:\program files\dotnet\sdk\8.0.303\Extensions\Microsoft.TestPlatform.Extensions.BlameDataCollector.dll'.
TpTrace Information: 0 : 34696, 1, 2025/02/06, 01:20:10.680, 313173080297, vstest.console.dll, AssemblyResolver.OnResolve: Resolved assembly: Microsoft.TestPlatform.Extensions.BlameDataCollector, from path: c:\program files\dotnet\sdk\8.0.303\Extensions\Microsoft.TestPlatform.Extensions.BlameDataCollector.dll
TpTrace Verbose: 0 : 34696, 1, 2025/02/06, 01:20:10.680, 313173081367, vstest.console.dll, MetadataReaderExtensionsHelper: Discovering extensions inside assembly 'Microsoft.TestPlatform.Extensions.BlameDataCollector, Version=15.0.0.0, Culture=neutral, PublicKeyToken=b03f5f7f11d50a3a' file path 'c:\program files\dotnet\sdk\8.0.303\Extensions\Microsoft.TestPlatform.Extensions.BlameDataCollector.dll'
TpTrace Information: 0 : 34696, 1, 2025/02/06, 01:20:10.682, 313173093663, vstest.console.dll, AssemblyResolver.OnResolve: Microsoft.TestPlatform.Extensions.EventLogCollector: Resolving assembly.
TpTrace Information: 0 : 34696, 1, 2025/02/06, 01:20:10.682, 313173094369, vstest.console.dll, AssemblyResolver.OnResolve: Microsoft.TestPlatform.Extensions.EventLogCollector: Searching in: 'c:\program files\dotnet\sdk\8.0.303\Extensions'.
TpTrace Information: 0 : 34696, 1, 2025/02/06, 01:20:10.682, 313173099569, vstest.console.dll, AssemblyResolver.OnResolve: Microsoft.TestPlatform.Extensions.EventLogCollector: Loading assembly 'c:\program files\dotnet\sdk\8.0.303\Extensions\Microsoft.TestPlatform.Extensions.EventLogCollector.dll'.
TpTrace Information: 0 : 34696, 1, 2025/02/06, 01:20:10.683, 313173104729, vstest.console.dll, AssemblyResolver.OnResolve: Resolved assembly: Microsoft.TestPlatform.Extensions.EventLogCollector, from path: c:\program files\dotnet\sdk\8.0.303\Extensions\Microsoft.TestPlatform.Extensions.EventLogCollector.dll
TpTrace Verbose: 0 : 34696, 1, 2025/02/06, 01:20:10.683, 313173105320, vstest.console.dll, MetadataReaderExtensionsHelper: Discovering extensions inside assembly 'Microsoft.TestPlatform.Extensions.EventLogCollector, Version=15.0.0.0, Culture=neutral, PublicKeyToken=b03f5f7f11d50a3a' file path 'c:\program files\dotnet\sdk\8.0.303\Extensions\Microsoft.TestPlatform.Extensions.EventLogCollector.dll'
TpTrace Information: 0 : 34696, 1, 2025/02/06, 01:20:10.685, 313173124212, vstest.console.dll, AssemblyResolver.OnResolve: Microsoft.TestPlatform.TestHostRuntimeProvider: Resolving assembly.
TpTrace Information: 0 : 34696, 1, 2025/02/06, 01:20:10.685, 313173124804, vstest.console.dll, AssemblyResolver.OnResolve: Microsoft.TestPlatform.TestHostRuntimeProvider: Searching in: 'c:\program files\dotnet\sdk\8.0.303\Extensions'.
TpTrace Information: 0 : 34696, 1, 2025/02/06, 01:20:10.685, 313173128160, vstest.console.dll, AssemblyResolver.OnResolve: Microsoft.TestPlatform.TestHostRuntimeProvider: Loading assembly 'c:\program files\dotnet\sdk\8.0.303\Extensions\Microsoft.TestPlatform.TestHostRuntimeProvider.dll'.
TpTrace Information: 0 : 34696, 1, 2025/02/06, 01:20:10.686, 313173133634, vstest.console.dll, AssemblyResolver.OnResolve: Resolved assembly: Microsoft.TestPlatform.TestHostRuntimeProvider, from path: c:\program files\dotnet\sdk\8.0.303\Extensions\Microsoft.TestPlatform.TestHostRuntimeProvider.dll
TpTrace Verbose: 0 : 34696, 1, 2025/02/06, 01:20:10.686, 313173134873, vstest.console.dll, MetadataReaderExtensionsHelper: Discovering extensions inside assembly 'Microsoft.TestPlatform.TestHostRuntimeProvider, Version=15.0.0.0, Culture=neutral, PublicKeyToken=b03f5f7f11d50a3a' file path 'c:\program files\dotnet\sdk\8.0.303\Extensions\Microsoft.TestPlatform.TestHostRuntimeProvider.dll'
TpTrace Information: 0 : 34696, 1, 2025/02/06, 01:20:10.687, 313173149295, vstest.console.dll, GetTestExtensionFromType: Register extension with identifier data 'HostProvider://DefaultTestHost' and type 'Microsoft.VisualStudio.TestPlatform.CrossPlatEngine.Hosting.DefaultTestHostManager, Microsoft.TestPlatform.TestHostRuntimeProvider, Version=15.0.0.0, Culture=neutral, PublicKeyToken=b03f5f7f11d50a3a' inside file 'c:\program files\dotnet\sdk\8.0.303\Extensions\Microsoft.TestPlatform.TestHostRuntimeProvider.dll'
TpTrace Information: 0 : 34696, 1, 2025/02/06, 01:20:10.687, 313173151271, vstest.console.dll, GetTestExtensionFromType: Register extension with identifier data 'HostProvider://DotnetTestHost' and type 'Microsoft.VisualStudio.TestPlatform.CrossPlatEngine.Hosting.DotnetTestHostManager, Microsoft.TestPlatform.TestHostRuntimeProvider, Version=15.0.0.0, Culture=neutral, PublicKeyToken=b03f5f7f11d50a3a' inside file 'c:\program files\dotnet\sdk\8.0.303\Extensions\Microsoft.TestPlatform.TestHostRuntimeProvider.dll'
TpTrace Information: 0 : 34696, 1, 2025/02/06, 01:20:10.687, 313173151856, vstest.console.dll, AssemblyResolver.OnResolve: Microsoft.VisualStudio.TestPlatform.Extensions.Html.TestLogger: Resolving assembly.
TpTrace Information: 0 : 34696, 1, 2025/02/06, 01:20:10.687, 313173152261, vstest.console.dll, AssemblyResolver.OnResolve: Microsoft.VisualStudio.TestPlatform.Extensions.Html.TestLogger: Searching in: 'c:\program files\dotnet\sdk\8.0.303\Extensions'.
TpTrace Information: 0 : 34696, 1, 2025/02/06, 01:20:10.688, 313173157082, vstest.console.dll, AssemblyResolver.OnResolve: Microsoft.VisualStudio.TestPlatform.Extensions.Html.TestLogger: Loading assembly 'c:\program files\dotnet\sdk\8.0.303\Extensions\Microsoft.VisualStudio.TestPlatform.Extensions.Html.TestLogger.dll'.
TpTrace Information: 0 : 34696, 1, 2025/02/06, 01:20:10.688, 313173162854, vstest.console.dll, AssemblyResolver.OnResolve: Resolved assembly: Microsoft.VisualStudio.TestPlatform.Extensions.Html.TestLogger, from path: c:\program files\dotnet\sdk\8.0.303\Extensions\Microsoft.VisualStudio.TestPlatform.Extensions.Html.TestLogger.dll
TpTrace Verbose: 0 : 34696, 1, 2025/02/06, 01:20:10.689, 313173163634, vstest.console.dll, MetadataReaderExtensionsHelper: Discovering extensions inside assembly 'Microsoft.VisualStudio.TestPlatform.Extensions.Html.TestLogger, Version=15.0.0.0, Culture=neutral, PublicKeyToken=b03f5f7f11d50a3a' file path 'c:\program files\dotnet\sdk\8.0.303\Extensions\Microsoft.VisualStudio.TestPlatform.Extensions.Html.TestLogger.dll'
TpTrace Information: 0 : 34696, 1, 2025/02/06, 01:20:10.689, 313173172182, vstest.console.dll, AssemblyResolver.OnResolve: Microsoft.VisualStudio.TestPlatform.Extensions.Trx.TestLogger: Resolving assembly.
TpTrace Information: 0 : 34696, 1, 2025/02/06, 01:20:10.689, 313173172771, vstest.console.dll, AssemblyResolver.OnResolve: Microsoft.VisualStudio.TestPlatform.Extensions.Trx.TestLogger: Searching in: 'c:\program files\dotnet\sdk\8.0.303\Extensions'.
TpTrace Information: 0 : 34696, 1, 2025/02/06, 01:20:10.690, 313173176216, vstest.console.dll, AssemblyResolver.OnResolve: Microsoft.VisualStudio.TestPlatform.Extensions.Trx.TestLogger: Loading assembly 'c:\program files\dotnet\sdk\8.0.303\Extensions\Microsoft.VisualStudio.TestPlatform.Extensions.Trx.TestLogger.dll'.
TpTrace Information: 0 : 34696, 1, 2025/02/06, 01:20:10.690, 313173181528, vstest.console.dll, AssemblyResolver.OnResolve: Resolved assembly: Microsoft.VisualStudio.TestPlatform.Extensions.Trx.TestLogger, from path: c:\program files\dotnet\sdk\8.0.303\Extensions\Microsoft.VisualStudio.TestPlatform.Extensions.Trx.TestLogger.dll
TpTrace Verbose: 0 : 34696, 1, 2025/02/06, 01:20:10.690, 313173182046, vstest.console.dll, MetadataReaderExtensionsHelper: Discovering extensions inside assembly 'Microsoft.VisualStudio.TestPlatform.Extensions.Trx.TestLogger, Version=15.0.0.0, Culture=neutral, PublicKeyToken=b03f5f7f11d50a3a' file path 'c:\program files\dotnet\sdk\8.0.303\Extensions\Microsoft.VisualStudio.TestPlatform.Extensions.Trx.TestLogger.dll'
TpTrace Verbose: 0 : 34696, 1, 2025/02/06, 01:20:10.691, 313173192847, vstest.console.dll, TestPluginCache: Discovered the extensions using extension path ''.
TpTrace Verbose: 0 : 34696, 1, 2025/02/06, 01:20:10.692, 313173193371, vstest.console.dll, TestPluginCache: Discoverers are ''.
TpTrace Verbose: 0 : 34696, 1, 2025/02/06, 01:20:10.692, 313173193535, vstest.console.dll, TestPluginCache: Executors are ''.
TpTrace Verbose: 0 : 34696, 1, 2025/02/06, 01:20:10.692, 313173193680, vstest.console.dll, TestPluginCache: Executors2 are ''.
TpTrace Verbose: 0 : 34696, 1, 2025/02/06, 01:20:10.692, 313173193818, vstest.console.dll, TestPluginCache: Setting providers are ''.
TpTrace Verbose: 0 : 34696, 1, 2025/02/06, 01:20:10.692, 313173193994, vstest.console.dll, TestPluginCache: Loggers are ''.
TpTrace Verbose: 0 : 34696, 1, 2025/02/06, 01:20:10.692, 313173195385, vstest.console.dll, TestPluginCache: TestHosts are 'HostProvider://DefaultTestHost,HostProvider://DotnetTestHost'.
TpTrace Verbose: 0 : 34696, 1, 2025/02/06, 01:20:10.692, 313173195681, vstest.console.dll, TestPluginCache: DataCollectors are ''.
TpTrace Information: 0 : 34696, 1, 2025/02/06, 01:20:10.701, 313173287760, vstest.console.dll, RunTestsArgumentProcessor:Execute: Test run is starting.
TpTrace Verbose: 0 : 34696, 1, 2025/02/06, 01:20:10.701, 313173288495, vstest.console.dll, RunTestsArgumentProcessor:Execute: Queuing Test run.
TpTrace Information: 0 : 34696, 1, 2025/02/06, 01:20:10.701, 313173289932, vstest.console.dll, TestRequestManager.RunTests: run tests started.
TpTrace Information: 0 : 34696, 1, 2025/02/06, 01:20:10.702, 313173297630, vstest.console.dll, AssemblyMetadataProvider.GetFrameworkName: Determined framework:'.NETCoreApp,Version=v8.0' for source: 'C:\Users\David\source\repos\PruebaTecnica\ClothesShop\Tests\bin\Debug\net8.0\fine-code-coverage\build-output\Tests.dll'
TpTrace Information: 0 : 34696, 1, 2025/02/06, 01:20:10.702, 313173298519, vstest.console.dll, Determined framework for all sources: .NETCoreApp,Version=v8.0
TpTrace Verbose: 0 : 34696, 1, 2025/02/06, 01:20:10.702, 313173300622, vstest.console.dll, TestRequestManager.UpdateRunSettingsIfRequired: Default architecture: X64 IsDefaultTargetArchitecture: True, Current process architecture: X64 OperatingSystem: Windows.
TpTrace Information: 0 : 34696, 1, 2025/02/06, 01:20:10.704, 313173313561, vstest.console.dll, AssemblyMetadataProvider.GetArchitecture: Determined architecture:AnyCPU info for assembly: C:\Users\David\source\repos\PruebaTecnica\ClothesShop\Tests\bin\Debug\net8.0\fine-code-coverage\build-output\Tests.dll
TpTrace Information: 0 : 34696, 1, 2025/02/06, 01:20:10.704, 313173314866, vstest.console.dll, Determined platform for source 'C:\Users\David\source\repos\PruebaTecnica\ClothesShop\Tests\bin\Debug\net8.0\fine-code-coverage\build-output\Tests.dll' was AnyCPU and it will use the default plaform X64.
TpTrace Information: 0 : 34696, 1, 2025/02/06, 01:20:10.704, 313173315332, vstest.console.dll, None of the sources provided any runnable platform, using the default platform: X64
TpTrace Information: 0 : 34696, 1, 2025/02/06, 01:20:10.704, 313173316279, vstest.console.dll, Platform was updated to 'X64'.
TpTrace Information: 0 : 34696, 1, 2025/02/06, 01:20:10.706, 313173338753, vstest.console.dll, InferRunSettingsHelper.IsTestSettingsEnabled: Unable to navigate to RunSettings/MSTest. Current node: RunSettings
TpTrace Information: 0 : 34696, 1, 2025/02/06, 01:20:10.706, 313173342932, vstest.console.dll, AssemblyResolver.OnResolve: Microsoft.VisualStudio.TestPlatform.Fakes: Resolving assembly.
TpTrace Information: 0 : 34696, 1, 2025/02/06, 01:20:10.707, 313173343480, vstest.console.dll, AssemblyResolver.OnResolve: Microsoft.VisualStudio.TestPlatform.Fakes: Searching in: 'c:\program files\dotnet\sdk\8.0.303\Extensions'.
TpTrace Information: 0 : 34696, 1, 2025/02/06, 01:20:10.707, 313173344389, vstest.console.dll, AssemblyResolver.OnResolve: Microsoft.VisualStudio.TestPlatform.Fakes: Assembly path does not exist: 'c:\program files\dotnet\sdk\8.0.303\Extensions\Microsoft.VisualStudio.TestPlatform.Fakes.dll', returning.
TpTrace Information: 0 : 34696, 1, 2025/02/06, 01:20:10.707, 313173345026, vstest.console.dll, AssemblyResolver.OnResolve: Microsoft.VisualStudio.TestPlatform.Fakes: Assembly path does not exist: 'c:\program files\dotnet\sdk\8.0.303\Extensions\Microsoft.VisualStudio.TestPlatform.Fakes.exe', returning.
TpTrace Information: 0 : 34696, 1, 2025/02/06, 01:20:10.707, 313173345282, vstest.console.dll, AssemblyResolver.OnResolve: Microsoft.VisualStudio.TestPlatform.Fakes: Searching in: 'c:\program files\dotnet\sdk\8.0.303'.
TpTrace Information: 0 : 34696, 1, 2025/02/06, 01:20:10.707, 313173345752, vstest.console.dll, AssemblyResolver.OnResolve: Microsoft.VisualStudio.TestPlatform.Fakes: Assembly path does not exist: 'c:\program files\dotnet\sdk\8.0.303\Microsoft.VisualStudio.TestPlatform.Fakes.dll', returning.
TpTrace Information: 0 : 34696, 1, 2025/02/06, 01:20:10.707, 313173346130, vstest.console.dll, AssemblyResolver.OnResolve: Microsoft.VisualStudio.TestPlatform.Fakes: Assembly path does not exist: 'c:\program files\dotnet\sdk\8.0.303\Microsoft.VisualStudio.TestPlatform.Fakes.exe', returning.
TpTrace Information: 0 : 34696, 1, 2025/02/06, 01:20:10.707, 313173346309, vstest.console.dll, AssemblyResolver.OnResolve: Microsoft.VisualStudio.TestPlatform.Fakes: Failed to load assembly.
TpTrace Information: 0 : 34696, 1, 2025/02/06, 01:20:10.707, 313173348301, vstest.console.dll, Failed to load assembly Microsoft.VisualStudio.TestPlatform.Fakes, Version=17.0.0.0, Culture=neutral. Reason:System.IO.FileNotFoundException: Could not load file or assembly 'Microsoft.VisualStudio.TestPlatform.Fakes, Version=17.0.0.0, Culture=neutral, PublicKeyToken=null'. El sistema no puede encontrar el archivo especificado.
File name: 'Microsoft.VisualStudio.TestPlatform.Fakes, Version=17.0.0.0, Culture=neutral, PublicKeyToken=null'
   at System.Reflection.RuntimeAssembly.InternalLoad(AssemblyName assemblyName, StackCrawlMark& stackMark, AssemblyLoadContext assemblyLoadContext, RuntimeAssembly requestingAssembly, Boolean throwOnFileNotFound)
   at System.Reflection.Assembly.Load(AssemblyName assemblyRef)
   at Microsoft.VisualStudio.TestPlatform.Common.Utilities.FakesUtilities.LoadTestPlatformAssembly() in /_/src/Microsoft.TestPlatform.Common/Utilities/FakesUtilities.cs:line 272
TpTrace Verbose: 0 : 34696, 1, 2025/02/06, 01:20:10.709, 313173370178, vstest.console.dll, TestPluginCache.DiscoverTestExtensions: finding test extensions in assemblies ends with: TestLogger.dll TPluginInfo: Microsoft.VisualStudio.TestPlatform.Common.ExtensionFramework.Utilities.TestLoggerPluginInformation TExtension: Microsoft.VisualStudio.TestPlatform.ObjectModel.Client.ITestLogger
TpTrace Verbose: 0 : 34696, 1, 2025/02/06, 01:20:10.709, 313173370953, vstest.console.dll, TestPluginCache.GetExtensionPaths: Filtered extension paths: 
TpTrace Verbose: 0 : 34696, 1, 2025/02/06, 01:20:10.709, 313173371163, vstest.console.dll, TestPluginCache.GetExtensionPaths: Added default extension paths: c:\program files\dotnet\sdk\8.0.303\Extensions\Microsoft.Diagnostics.NETCore.Client.dll
c:\program files\dotnet\sdk\8.0.303\Extensions\Microsoft.TestPlatform.Extensions.BlameDataCollector.dll
c:\program files\dotnet\sdk\8.0.303\Extensions\Microsoft.TestPlatform.Extensions.EventLogCollector.dll
c:\program files\dotnet\sdk\8.0.303\Extensions\Microsoft.TestPlatform.TestHostRuntimeProvider.dll
c:\program files\dotnet\sdk\8.0.303\Extensions\Microsoft.VisualStudio.TestPlatform.Extensions.Html.TestLogger.dll
c:\program files\dotnet\sdk\8.0.303\Extensions\Microsoft.VisualStudio.TestPlatform.Extensions.Trx.TestLogger.dll
TpTrace Verbose: 0 : 34696, 1, 2025/02/06, 01:20:10.709, 313173371335, vstest.console.dll, TestPluginCache.GetExtensionPaths: Added unfilterableExtensionPaths: 
TpTrace Information: 0 : 34696, 1, 2025/02/06, 01:20:10.709, 313173372341, vstest.console.dll, AssemblyResolver.AddSearchDirectories: Adding more searchDirectories c:\program files\dotnet\sdk\8.0.303\Extensions,c:\program files\dotnet\sdk\8.0.303
TpTrace Verbose: 0 : 34696, 1, 2025/02/06, 01:20:10.709, 313173372614, vstest.console.dll, TestPluginCache.DiscoverTestExtensions: Discovering the extensions using extension path.
TpTrace Verbose: 0 : 34696, 1, 2025/02/06, 01:20:10.709, 313173372815, vstest.console.dll, TestPluginCache.GetExtensionPaths: Filtered extension paths: 
TpTrace Verbose: 0 : 34696, 1, 2025/02/06, 01:20:10.709, 313173373048, vstest.console.dll, TestPluginCache.GetExtensionPaths: Added default extension paths: c:\program files\dotnet\sdk\8.0.303\Extensions\Microsoft.Diagnostics.NETCore.Client.dll
c:\program files\dotnet\sdk\8.0.303\Extensions\Microsoft.TestPlatform.Extensions.BlameDataCollector.dll
c:\program files\dotnet\sdk\8.0.303\Extensions\Microsoft.TestPlatform.Extensions.EventLogCollector.dll
c:\program files\dotnet\sdk\8.0.303\Extensions\Microsoft.TestPlatform.TestHostRuntimeProvider.dll
c:\program files\dotnet\sdk\8.0.303\Extensions\Microsoft.VisualStudio.TestPlatform.Extensions.Html.TestLogger.dll
c:\program files\dotnet\sdk\8.0.303\Extensions\Microsoft.VisualStudio.TestPlatform.Extensions.Trx.TestLogger.dll
TpTrace Verbose: 0 : 34696, 1, 2025/02/06, 01:20:10.709, 313173373220, vstest.console.dll, TestPluginCache.GetExtensionPaths: Added unfilterableExtensionPaths: 
TpTrace Verbose: 0 : 34696, 1, 2025/02/06, 01:20:10.710, 313173373424, vstest.console.dll, TestPluginCache.DiscoverTestExtensions: Discovering the extensions using allExtensionPaths: c:\program files\dotnet\sdk\8.0.303\Extensions\Microsoft.Diagnostics.NETCore.Client.dll
c:\program files\dotnet\sdk\8.0.303\Extensions\Microsoft.TestPlatform.Extensions.BlameDataCollector.dll
c:\program files\dotnet\sdk\8.0.303\Extensions\Microsoft.TestPlatform.Extensions.EventLogCollector.dll
c:\program files\dotnet\sdk\8.0.303\Extensions\Microsoft.TestPlatform.TestHostRuntimeProvider.dll
c:\program files\dotnet\sdk\8.0.303\Extensions\Microsoft.VisualStudio.TestPlatform.Extensions.Html.TestLogger.dll
c:\program files\dotnet\sdk\8.0.303\Extensions\Microsoft.VisualStudio.TestPlatform.Extensions.Trx.TestLogger.dll
TpTrace Information: 0 : 34696, 1, 2025/02/06, 01:20:10.710, 313173374680, vstest.console.dll, AssemblyResolver.AddSearchDirectories: Adding more searchDirectories c:\program files\dotnet\sdk\8.0.303\Extensions,c:\program files\dotnet\sdk\8.0.303
TpTrace Information: 0 : 34696, 1, 2025/02/06, 01:20:10.710, 313173374988, vstest.console.dll, AssemblyResolver.AddSearchDirectories: Adding more searchDirectories c:\program files\dotnet\sdk\8.0.303\Extensions,c:\program files\dotnet\sdk\8.0.303
TpTrace Information: 0 : 34696, 1, 2025/02/06, 01:20:10.710, 313173375175, vstest.console.dll, AssemblyResolver.AddSearchDirectories: Adding more searchDirectories c:\program files\dotnet\sdk\8.0.303\Extensions,c:\program files\dotnet\sdk\8.0.303
TpTrace Information: 0 : 34696, 1, 2025/02/06, 01:20:10.710, 313173375339, vstest.console.dll, AssemblyResolver.AddSearchDirectories: Adding more searchDirectories c:\program files\dotnet\sdk\8.0.303\Extensions,c:\program files\dotnet\sdk\8.0.303
TpTrace Information: 0 : 34696, 1, 2025/02/06, 01:20:10.710, 313173375501, vstest.console.dll, AssemblyResolver.AddSearchDirectories: Adding more searchDirectories c:\program files\dotnet\sdk\8.0.303\Extensions,c:\program files\dotnet\sdk\8.0.303
TpTrace Information: 0 : 34696, 1, 2025/02/06, 01:20:10.710, 313173375732, vstest.console.dll, AssemblyResolver.AddSearchDirectories: Adding more searchDirectories c:\program files\dotnet\sdk\8.0.303\Extensions,c:\program files\dotnet\sdk\8.0.303
TpTrace Verbose: 0 : 34696, 1, 2025/02/06, 01:20:10.710, 313173376457, vstest.console.dll, MetadataReaderExtensionsHelper: Discovering extensions inside assembly 'Microsoft.Diagnostics.NETCore.Client, Version=0.2.10.15101, Culture=neutral, PublicKeyToken=31bf3856ad364e35' file path 'c:\program files\dotnet\sdk\8.0.303\Extensions\Microsoft.Diagnostics.NETCore.Client.dll'
TpTrace Information: 0 : 34696, 1, 2025/02/06, 01:20:10.711, 313173386752, vstest.console.dll, AssemblyResolver.OnResolve: Microsoft.Bcl.AsyncInterfaces: Resolving assembly.
TpTrace Information: 0 : 34696, 1, 2025/02/06, 01:20:10.711, 313173387102, vstest.console.dll, AssemblyResolver.OnResolve: Microsoft.Bcl.AsyncInterfaces: Resolved from cache.
TpTrace Verbose: 0 : 34696, 1, 2025/02/06, 01:20:10.711, 313173387278, vstest.console.dll, CurrentDomainAssemblyResolve: Resolving assembly 'Microsoft.Bcl.AsyncInterfaces'.
TpTrace Information: 0 : 34696, 1, 2025/02/06, 01:20:10.711, 313173387545, vstest.console.dll, AssemblyResolver.OnResolve: Microsoft.Bcl.AsyncInterfaces: Resolving assembly.
TpTrace Information: 0 : 34696, 1, 2025/02/06, 01:20:10.711, 313173387796, vstest.console.dll, AssemblyResolver.OnResolve: Microsoft.Bcl.AsyncInterfaces: Resolved from cache.
TpTrace Verbose: 0 : 34696, 1, 2025/02/06, 01:20:10.711, 313173387955, vstest.console.dll, CurrentDomainAssemblyResolve: Resolving assembly 'Microsoft.Bcl.AsyncInterfaces'.
TpTrace Verbose: 0 : 34696, 1, 2025/02/06, 01:20:10.711, 313173388102, vstest.console.dll, CurrentDomainAssemblyResolve: Failed to resolve assembly 'Microsoft.Bcl.AsyncInterfaces'.
TpTrace Verbose: 0 : 34696, 1, 2025/02/06, 01:20:10.711, 313173389190, vstest.console.dll, CurrentDomainAssemblyResolve: Failed to resolve assembly 'Microsoft.Bcl.AsyncInterfaces'.
TpTrace Warning: 0 : 34696, 1, 2025/02/06, 01:20:10.711, 313173392190, vstest.console.dll, TestPluginDiscoverer: Failed to get types from assembly 'Microsoft.Diagnostics.NETCore.Client, Version=0.2.10.15101, Culture=neutral, PublicKeyToken=31bf3856ad364e35'. Error: System.Reflection.ReflectionTypeLoadException: Unable to load one or more of the requested types.
Could not load file or assembly 'Microsoft.Bcl.AsyncInterfaces, Version=6.0.0.0, Culture=neutral, PublicKeyToken=cc7b13ffcd2ddd51'. El sistema no puede encontrar el archivo especificado.
   at System.Reflection.RuntimeModule.GetTypes(RuntimeModule module)
   at System.Reflection.RuntimeModule.GetTypes()
   at Microsoft.VisualStudio.TestPlatform.Common.ExtensionFramework.TestPluginDiscoverer.GetTestExtensionsFromAssembly[TPluginInfo,TExtension](Assembly assembly, Dictionary`2 pluginInfos, String filePath) in /_/src/Microsoft.TestPlatform.Common/ExtensionFramework/TestPluginDiscoverer.cs:line 158
System.IO.FileNotFoundException: Could not load file or assembly 'Microsoft.Bcl.AsyncInterfaces, Version=6.0.0.0, Culture=neutral, PublicKeyToken=cc7b13ffcd2ddd51'. El sistema no puede encontrar el archivo especificado.
File name: 'Microsoft.Bcl.AsyncInterfaces, Version=6.0.0.0, Culture=neutral, PublicKeyToken=cc7b13ffcd2ddd51'
 ---> System.IO.FileNotFoundException: Could not load file or assembly 'Microsoft.Bcl.AsyncInterfaces, Culture=neutral, PublicKeyToken=null'. El sistema no puede encontrar el archivo especificado.
File name: 'Microsoft.Bcl.AsyncInterfaces, Culture=neutral, PublicKeyToken=null'
   at System.Reflection.RuntimeAssembly.InternalLoad(AssemblyName assemblyName, StackCrawlMark& stackMark, AssemblyLoadContext assemblyLoadContext, RuntimeAssembly requestingAssembly, Boolean throwOnFileNotFound)
   at System.Reflection.Assembly.Load(AssemblyName assemblyRef)
   at Microsoft.VisualStudio.TestPlatform.Common.ExtensionFramework.TestPluginCache.CurrentDomainAssemblyResolve(Object sender, AssemblyResolveEventArgs args) in /_/src/Microsoft.TestPlatform.Common/ExtensionFramework/TestPluginCache.cs:line 513
   at System.Runtime.Loader.AssemblyLoadContext.GetFirstResolvedAssemblyFromResolvingEvent(AssemblyName assemblyName)
   at System.Runtime.Loader.AssemblyLoadContext.ResolveUsingEvent(AssemblyName assemblyName)
   at System.Runtime.Loader.AssemblyLoadContext.ResolveUsingResolvingEvent(IntPtr gchManagedAssemblyLoadContext, AssemblyName assemblyName)
TpTrace Warning: 0 : 34696, 1, 2025/02/06, 01:20:10.712, 313173393346, vstest.console.dll, LoaderExceptions: System.IO.FileNotFoundException: Could not load file or assembly 'Microsoft.Bcl.AsyncInterfaces, Version=6.0.0.0, Culture=neutral, PublicKeyToken=cc7b13ffcd2ddd51'. El sistema no puede encontrar el archivo especificado.
File name: 'Microsoft.Bcl.AsyncInterfaces, Version=6.0.0.0, Culture=neutral, PublicKeyToken=cc7b13ffcd2ddd51'
 ---> System.IO.FileNotFoundException: Could not load file or assembly 'Microsoft.Bcl.AsyncInterfaces, Culture=neutral, PublicKeyToken=null'. El sistema no puede encontrar el archivo especificado.
File name: 'Microsoft.Bcl.AsyncInterfaces, Culture=neutral, PublicKeyToken=null'
   at System.Reflection.RuntimeAssembly.InternalLoad(AssemblyName assemblyName, StackCrawlMark& stackMark, AssemblyLoadContext assemblyLoadContext, RuntimeAssembly requestingAssembly, Boolean throwOnFileNotFound)
   at System.Reflection.Assembly.Load(AssemblyName assemblyRef)
   at Microsoft.VisualStudio.TestPlatform.Common.ExtensionFramework.TestPluginCache.CurrentDomainAssemblyResolve(Object sender, AssemblyResolveEventArgs args) in /_/src/Microsoft.TestPlatform.Common/ExtensionFramework/TestPluginCache.cs:line 513
   at System.Runtime.Loader.AssemblyLoadContext.GetFirstResolvedAssemblyFromResolvingEvent(AssemblyName assemblyName)
   at System.Runtime.Loader.AssemblyLoadContext.ResolveUsingEvent(AssemblyName assemblyName)
   at System.Runtime.Loader.AssemblyLoadContext.ResolveUsingResolvingEvent(IntPtr gchManagedAssemblyLoadContext, AssemblyName assemblyName)
TpTrace Verbose: 0 : 34696, 1, 2025/02/06, 01:20:10.712, 313173394070, vstest.console.dll, MetadataReaderExtensionsHelper: Discovering extensions inside assembly 'Microsoft.TestPlatform.Extensions.BlameDataCollector, Version=15.0.0.0, Culture=neutral, PublicKeyToken=b03f5f7f11d50a3a' file path 'c:\program files\dotnet\sdk\8.0.303\Extensions\Microsoft.TestPlatform.Extensions.BlameDataCollector.dll'
TpTrace Information: 0 : 34696, 1, 2025/02/06, 01:20:10.713, 313173406161, vstest.console.dll, GetTestExtensionFromType: Register extension with identifier data 'logger://Microsoft/TestPlatform/Extensions/Blame/v1' and type 'Microsoft.TestPlatform.Extensions.BlameDataCollector.BlameLogger, Microsoft.TestPlatform.Extensions.BlameDataCollector, Version=15.0.0.0, Culture=neutral, PublicKeyToken=b03f5f7f11d50a3a' inside file 'c:\program files\dotnet\sdk\8.0.303\Extensions\Microsoft.TestPlatform.Extensions.BlameDataCollector.dll'
TpTrace Verbose: 0 : 34696, 1, 2025/02/06, 01:20:10.713, 313173407150, vstest.console.dll, MetadataReaderExtensionsHelper: Discovering extensions inside assembly 'Microsoft.TestPlatform.Extensions.EventLogCollector, Version=15.0.0.0, Culture=neutral, PublicKeyToken=b03f5f7f11d50a3a' file path 'c:\program files\dotnet\sdk\8.0.303\Extensions\Microsoft.TestPlatform.Extensions.EventLogCollector.dll'
TpTrace Verbose: 0 : 34696, 1, 2025/02/06, 01:20:10.714, 313173413840, vstest.console.dll, MetadataReaderExtensionsHelper: Discovering extensions inside assembly 'Microsoft.TestPlatform.TestHostRuntimeProvider, Version=15.0.0.0, Culture=neutral, PublicKeyToken=b03f5f7f11d50a3a' file path 'c:\program files\dotnet\sdk\8.0.303\Extensions\Microsoft.TestPlatform.TestHostRuntimeProvider.dll'
TpTrace Verbose: 0 : 34696, 1, 2025/02/06, 01:20:10.714, 313173420203, vstest.console.dll, MetadataReaderExtensionsHelper: Discovering extensions inside assembly 'Microsoft.VisualStudio.TestPlatform.Extensions.Html.TestLogger, Version=15.0.0.0, Culture=neutral, PublicKeyToken=b03f5f7f11d50a3a' file path 'c:\program files\dotnet\sdk\8.0.303\Extensions\Microsoft.VisualStudio.TestPlatform.Extensions.Html.TestLogger.dll'
TpTrace Information: 0 : 34696, 1, 2025/02/06, 01:20:10.715, 313173428012, vstest.console.dll, GetTestExtensionFromType: Register extension with identifier data 'logger://Microsoft/TestPlatform/HtmlLogger/v1' and type 'Microsoft.VisualStudio.TestPlatform.Extensions.HtmlLogger.HtmlLogger, Microsoft.VisualStudio.TestPlatform.Extensions.Html.TestLogger, Version=15.0.0.0, Culture=neutral, PublicKeyToken=b03f5f7f11d50a3a' inside file 'c:\program files\dotnet\sdk\8.0.303\Extensions\Microsoft.VisualStudio.TestPlatform.Extensions.Html.TestLogger.dll'
TpTrace Verbose: 0 : 34696, 1, 2025/02/06, 01:20:10.715, 313173428542, vstest.console.dll, MetadataReaderExtensionsHelper: Discovering extensions inside assembly 'Microsoft.VisualStudio.TestPlatform.Extensions.Trx.TestLogger, Version=15.0.0.0, Culture=neutral, PublicKeyToken=b03f5f7f11d50a3a' file path 'c:\program files\dotnet\sdk\8.0.303\Extensions\Microsoft.VisualStudio.TestPlatform.Extensions.Trx.TestLogger.dll'
TpTrace Information: 0 : 34696, 1, 2025/02/06, 01:20:10.715, 313173433015, vstest.console.dll, GetTestExtensionFromType: Register extension with identifier data 'logger://Microsoft/TestPlatform/TrxLogger/v1' and type 'Microsoft.VisualStudio.TestPlatform.Extensions.TrxLogger.TrxLogger, Microsoft.VisualStudio.TestPlatform.Extensions.Trx.TestLogger, Version=15.0.0.0, Culture=neutral, PublicKeyToken=b03f5f7f11d50a3a' inside file 'c:\program files\dotnet\sdk\8.0.303\Extensions\Microsoft.VisualStudio.TestPlatform.Extensions.Trx.TestLogger.dll'
TpTrace Verbose: 0 : 34696, 1, 2025/02/06, 01:20:10.716, 313173433548, vstest.console.dll, TestPluginCache: Discovered the extensions using extension path ''.
TpTrace Verbose: 0 : 34696, 1, 2025/02/06, 01:20:10.716, 313173433799, vstest.console.dll, TestPluginCache: Discoverers are ''.
TpTrace Verbose: 0 : 34696, 1, 2025/02/06, 01:20:10.716, 313173433988, vstest.console.dll, TestPluginCache: Executors are ''.
TpTrace Verbose: 0 : 34696, 1, 2025/02/06, 01:20:10.716, 313173434152, vstest.console.dll, TestPluginCache: Executors2 are ''.
TpTrace Verbose: 0 : 34696, 1, 2025/02/06, 01:20:10.716, 313173434331, vstest.console.dll, TestPluginCache: Setting providers are ''.
TpTrace Verbose: 0 : 34696, 1, 2025/02/06, 01:20:10.716, 313173435084, vstest.console.dll, TestPluginCache: Loggers are 'logger://Microsoft/TestPlatform/Extensions/Blame/v1,logger://Microsoft/TestPlatform/HtmlLogger/v1,logger://Microsoft/TestPlatform/TrxLogger/v1'.
TpTrace Verbose: 0 : 34696, 1, 2025/02/06, 01:20:10.716, 313173435559, vstest.console.dll, TestPluginCache: TestHosts are 'HostProvider://DefaultTestHost,HostProvider://DotnetTestHost'.
TpTrace Verbose: 0 : 34696, 1, 2025/02/06, 01:20:10.716, 313173435849, vstest.console.dll, TestPluginCache: DataCollectors are ''.
TpTrace Information: 0 : 34696, 1, 2025/02/06, 01:20:10.716, 313173442397, vstest.console.dll, TestPluginManager.CreateTestExtension: Attempting to load test extension: Microsoft.TestPlatform.Extensions.BlameDataCollector.BlameLogger
TpTrace Verbose: 0 : 34696, 1, 2025/02/06, 01:20:10.722, 313173500255, vstest.console.dll, TestEngine: Initializing Parallel Execution as MaxCpuCount is set to: 1
TpTrace Information: 0 : 34696, 1, 2025/02/06, 01:20:10.724, 313173517131, vstest.console.dll, TestPluginManager.CreateTestExtension: Attempting to load test extension: Microsoft.VisualStudio.TestPlatform.CrossPlatEngine.Hosting.DefaultTestHostManager
TpTrace Information: 0 : 34696, 1, 2025/02/06, 01:20:10.725, 313173524218, vstest.console.dll, TestPluginManager.CreateTestExtension: Attempting to load test extension: Microsoft.VisualStudio.TestPlatform.CrossPlatEngine.Hosting.DotnetTestHostManager
TpTrace Information: 0 : 34696, 1, 2025/02/06, 01:20:10.725, 313173528195, vstest.console.dll, InferRunSettingsHelper.IsTestSettingsEnabled: Unable to navigate to RunSettings/MSTest. Current node: RunSettings
TpTrace Verbose: 0 : 34696, 1, 2025/02/06, 01:20:10.725, 313173532216, vstest.console.dll, ParallelOperationManager.ClearSlots: Clearing all slots. Slots should accept more work: True
TpTrace Verbose: 0 : 34696, 1, 2025/02/06, 01:20:10.726, 313173536788, vstest.console.dll, ParallelOperationManager.SetOccupiedSlotCount: Setting slot counts AvailableSlotCount = 1, OccupiedSlotCount = 0.
TpTrace Verbose: 0 : 34696, 1, 2025/02/06, 01:20:10.726, 313173538976, vstest.console.dll, Occupied slots:

TpTrace Verbose: 0 : 34696, 1, 2025/02/06, 01:20:10.729, 313173564598, vstest.console.dll, TestEngine.GetExecutionManager: Chosen execution manager 'Microsoft.VisualStudio.TestPlatform.CrossPlatEngine.Client.Parallel.ParallelProxyExecutionManager, Microsoft.TestPlatform.CrossPlatEngine, Version=15.0.0.0, Culture=neutral, PublicKeyToken=b03f5f7f11d50a3a' ParallelLevel '1'.
TpTrace Verbose: 0 : 34696, 1, 2025/02/06, 01:20:10.729, 313173565795, vstest.console.dll, TestRunRequest.ExecuteAsync: Creating test run request.
TpTrace Verbose: 0 : 34696, 1, 2025/02/06, 01:20:10.729, 313173567493, vstest.console.dll, TestRunRequest.ExecuteAsync: Starting.
TpTrace Information: 0 : 34696, 1, 2025/02/06, 01:20:10.730, 313173576423, vstest.console.dll, TestRunRequest.ExecuteAsync: Starting run with settings:TestRunCriteria:
   KeepAlive=False,FrequencyOfRunStatsChangeEvent=10,RunStatsChangeEventTimeout=00:00:01.5000000,TestCaseFilter=,TestExecutorLauncher=
   Settingsxml=<RunSettings>
  <RunConfiguration>
    <ResultsDirectory>C:\Users\David\source\repos\PruebaTecnica\ClothesShop\Tests\bin\Debug\net8.0\fine-code-coverage\coverage-tool-output</ResultsDirectory>
    <TargetPlatform>X64</TargetPlatform>
    <TargetFrameworkVersion>.NETCoreApp,Version=v8.0</TargetFrameworkVersion>
    <DesignMode>False</DesignMode>
    <CollectSourceInformation>False</CollectSourceInformation>
  </RunConfiguration>
  <LoggerRunSettings>
    <Loggers>
      <Logger friendlyName="blame" enabled="True" />
      <Logger friendlyName="Console" uri="logger://microsoft/TestPlatform/ConsoleLogger/v1" assemblyQualifiedName="Microsoft.VisualStudio.TestPlatform.CommandLine.Internal.ConsoleLogger, vstest.console, Version=15.0.0.0, Culture=neutral, PublicKeyToken=b03f5f7f11d50a3a" codeBase="c:\program files\dotnet\sdk\8.0.303\vstest.console.dll" enabled="True" />
    </Loggers>
  </LoggerRunSettings>
  <DataCollectionRunSettings>
    <DataCollectors>
      <DataCollector friendlyName="blame" enabled="True">
        <Configuration>
          <ResultsDirectory>C:\Users\David\source\repos\PruebaTecnica\ClothesShop\Tests\bin\Debug\net8.0\fine-code-coverage\coverage-tool-output</ResultsDirectory>
        </Configuration>
      </DataCollector>
    </DataCollectors>
  </DataCollectionRunSettings>
</RunSettings>

TpTrace Verbose: 0 : 34696, 1, 2025/02/06, 01:20:10.730, 313173576859, vstest.console.dll, TestRunRequest.ExecuteAsync: Wait for the first run request is over.
TpTrace Verbose: 0 : 34696, 1, 2025/02/06, 01:20:10.730, 313173578902, vstest.console.dll, MulticastDelegateUtilities.SafeInvoke: TestRun.TestRunStart: Invoking callbacks was skipped because there are no subscribers.
TpTrace Verbose: 0 : 34696, 4, 2025/02/06, 01:20:10.730, 313173581360, vstest.console.dll, MulticastDelegateUtilities.SafeInvoke: InternalTestLoggerEvents.SendTestRunStart: Invoking callback 1/1 for Microsoft.VisualStudio.TestPlatform.CommandLine.Internal.ConsoleLogger., took 0 ms.
TpTrace Verbose: 0 : 34696, 1, 2025/02/06, 01:20:10.731, 313173586825, vstest.console.dll, ParallelProxyExecutionManager: Start execution. Total sources: 1
TpTrace Verbose: 0 : 34696, 1, 2025/02/06, 01:20:10.731, 313173589632, vstest.console.dll, ParallelOperationManager.StartWork: Starting adding 1 workloads.
TpTrace Verbose: 0 : 34696, 1, 2025/02/06, 01:20:10.731, 313173590076, vstest.console.dll, ParallelOperationManager.ClearSlots: Clearing all slots. Slots should accept more work: True
TpTrace Verbose: 0 : 34696, 1, 2025/02/06, 01:20:10.731, 313173590545, vstest.console.dll, ParallelOperationManager.SetOccupiedSlotCount: Setting slot counts AvailableSlotCount = 1, OccupiedSlotCount = 0.
TpTrace Verbose: 0 : 34696, 1, 2025/02/06, 01:20:10.731, 313173590766, vstest.console.dll, Occupied slots:

TpTrace Verbose: 0 : 34696, 1, 2025/02/06, 01:20:10.732, 313173600306, vstest.console.dll, TestRequestSender is acting as server.
TpTrace Verbose: 0 : 34696, 1, 2025/02/06, 01:20:10.733, 313173607548, vstest.console.dll, ParallelOperationManager.RunWorkInParallel: Adding 1 workload to slot, remaining workloads 0.
TpTrace Verbose: 0 : 34696, 1, 2025/02/06, 01:20:10.733, 313173607962, vstest.console.dll, ParallelOperationManager.SetOccupiedSlotCount: Setting slot counts AvailableSlotCount = 0, OccupiedSlotCount = 1.
TpTrace Verbose: 0 : 34696, 1, 2025/02/06, 01:20:10.733, 313173608607, vstest.console.dll, Occupied slots:
0: C:\Users\David\source\repos\PruebaTecnica\ClothesShop\Tests\bin\Debug\net8.0\fine-code-coverage\build-output\Tests.dll
TpTrace Verbose: 0 : 34696, 1, 2025/02/06, 01:20:10.734, 313173615353, vstest.console.dll, ParallelOperationManager.RunWorkInParallel: Started host in slot number 0 for work (source): C:\Users\David\source\repos\PruebaTecnica\ClothesShop\Tests\bin\Debug\net8.0\fine-code-coverage\build-output\Tests.dll.
TpTrace Verbose: 0 : 34696, 1, 2025/02/06, 01:20:10.735, 313173624834, vstest.console.dll, ParallelOperationManager.RunWorkInParallel: We started 1 work items, which is the max parallel level. Won't start more work.
TpTrace Verbose: 0 : 34696, 5, 2025/02/06, 01:20:10.735, 313173625946, vstest.console.dll, ParallelProxyExecutionManager.StartTestRunOnConcurrentManager: Initializing uninitialized client. Started clients: 0
TpTrace Verbose: 0 : 34696, 1, 2025/02/06, 01:20:10.735, 313173626431, vstest.console.dll, ParallelOperationManager.RunWorkInParallel: We started 1 work items in here, returning True.
TpTrace Information: 0 : 34696, 1, 2025/02/06, 01:20:10.735, 313173627586, vstest.console.dll, TestRunRequest.ExecuteAsync: Started.
TpTrace Verbose: 0 : 34696, 5, 2025/02/06, 01:20:10.735, 313173628940, vstest.console.dll, DataCollectionRequestSender.InitializeCommunication : Initialize communication. 
TpTrace Verbose: 0 : 34696, 1, 2025/02/06, 01:20:10.736, 313173633718, vstest.console.dll, TestRunRequest.WaitForCompletion: Waiting with timeout -1.
TpTrace Information: 0 : 34696, 5, 2025/02/06, 01:20:10.741, 313173686460, vstest.console.dll, Listening on Endpoint : 127.0.0.1:56451
TpTrace Verbose: 0 : 34696, 5, 2025/02/06, 01:20:10.746, 313173733750, vstest.console.dll, DotnetDataCollectionLauncher: Adding  --runtimeconfig "c:\program files\dotnet\sdk\8.0.303\datacollector.runtimeconfig.json" in args
TpTrace Verbose: 0 : 34696, 5, 2025/02/06, 01:20:10.746, 313173734563, vstest.console.dll, DotnetDataCollectionLauncher: Adding  --depsfile "c:\program files\dotnet\sdk\8.0.303\datacollector.deps.json" in args
TpTrace Verbose: 0 : 34696, 5, 2025/02/06, 01:20:10.746, 313173735706, vstest.console.dll, DotnetDataCollectionLauncher: Full path of dotnet.exe is c:\program files\dotnet\dotnet.exe
TpTrace Information: 0 : 34696, 5, 2025/02/06, 01:20:10.751, 313173787303, vstest.console.dll, ProxyDataCollectionManager.Initialize: Launched datacollector processId: 34312 port: 56451
TpTrace Information: 0 : 34696, 5, 2025/02/06, 01:20:10.751, 313173788576, vstest.console.dll, ProxyDataCollectionManager.Initialize: waiting for connection with timeout: 90 seconds
TpTrace Verbose: 0 : 34696, 5, 2025/02/06, 01:20:10.751, 313173788911, vstest.console.dll, DataCollectionRequestSender.WaitForRequestHandlerConnection : Waiting for connection with timeout: 90000
TpTrace Information: 0 : 34696, 7, 2025/02/06, 01:20:10.860, 313174880159, vstest.console.dll, Using the buffer size of 16384 bytes
TpTrace Verbose: 0 : 34696, 5, 2025/02/06, 01:20:10.860, 313174880449, vstest.console.dll, SocketCommunicationManager.WaitForClientConnection took: 109 ms, with 90000 ms timeout, and finished with True.
TpTrace Information: 0 : 34696, 7, 2025/02/06, 01:20:10.860, 313174881162, vstest.console.dll, Accepted Client request and set the flag
TpTrace Verbose: 0 : 34696, 5, 2025/02/06, 01:20:10.860, 313174882825, vstest.console.dll, ProxyDataCollectionManager.InvokeDataCollectionServiceAction: Starting.
TpTrace Information: 0 : 34696, 5, 2025/02/06, 01:20:10.861, 313174883675, vstest.console.dll, ProxyDataCollectionManager.BeforeTestRunStart: Get environment variable and port for datacollector processId: 34312 port: 56451
TpTrace Verbose: 0 : 34696, 5, 2025/02/06, 01:20:10.861, 313174885113, vstest.console.dll, DataCollectionRequestSender.SendBeforeTestRunStartAndGetResult: Send BeforeTestRunStart message with settingsXml <RunSettings><RunConfiguration><ResultsDirectory>C:\Users\David\source\repos\PruebaTecnica\ClothesShop\Tests\bin\Debug\net8.0\fine-code-coverage\coverage-tool-output</ResultsDirectory><TargetPlatform>X64</TargetPlatform><TargetFrameworkVersion>.NETCoreApp,Version=v8.0</TargetFrameworkVersion><DesignMode>False</DesignMode><CollectSourceInformation>False</CollectSourceInformation><TestAdaptersPaths>c:\program files\dotnet\sdk\8.0.303\Extensions</TestAdaptersPaths></RunConfiguration><LoggerRunSettings><Loggers><Logger friendlyName="blame" enabled="True" /><Logger friendlyName="Console" uri="logger://microsoft/TestPlatform/ConsoleLogger/v1" assemblyQualifiedName="Microsoft.VisualStudio.TestPlatform.CommandLine.Internal.ConsoleLogger, vstest.console, Version=15.0.0.0, Culture=neutral, PublicKeyToken=b03f5f7f11d50a3a" codeBase="c:\program files\dotnet\sdk\8.0.303\vstest.console.dll" enabled="True" /></Loggers></LoggerRunSettings><DataCollectionRunSettings><DataCollectors><DataCollector friendlyName="blame" enabled="True"><Configuration><ResultsDirectory>C:\Users\David\source\repos\PruebaTecnica\ClothesShop\Tests\bin\Debug\net8.0\fine-code-coverage\coverage-tool-output</ResultsDirectory></Configuration></DataCollector></DataCollectors></DataCollectionRunSettings></RunSettings> and sources System.Collections.Generic.List`1[System.String]: 
TpTrace Verbose: 0 : 34696, 5, 2025/02/06, 01:20:10.898, 313175259885, vstest.console.dll, DataCollectionRequestSender.SendBeforeTestRunStartAndGetResult: Received message: (DataCollection.SendMessage) -> {"MessageType":"DataCollection.SendMessage","Payload":{"FriendlyName":null,"Uri":null,"TestCaseId":"00000000-0000-0000-0000-000000000000","Message":"Logging DataCollector Diagnostics in file: C:\\Users\\David\\source\\repos\\PruebaTecnica\\ClothesShop\\Tests\\bin\\Debug\\net8.0\\fine-code-coverage\\coverage-tool-output\\diagnostics.datacollector.25-02-06_01-20-10_74586_5.log","Level":0}}
TpTrace Verbose: 0 : 34696, 5, 2025/02/06, 01:20:10.958, 313175863097, vstest.console.dll, DataCollectionRequestSender.SendBeforeTestRunStartAndGetResult: Received message: (DataCollection.BeforeTestRunStartResult) -> {"MessageType":"DataCollection.BeforeTestRunStartResult","Payload":{"EnvironmentVariables":{},"DataCollectionEventsPort":56453}}
TpTrace Information: 0 : 34696, 5, 2025/02/06, 01:20:10.962, 313175895154, vstest.console.dll, ProxyDataCollectionManager.BeforeTestRunStart: SendBeforeTestRunStartAndGetResult successful, env variable from datacollector:   and testhost port: 56453
TpTrace Information: 0 : 34696, 5, 2025/02/06, 01:20:10.962, 313175895890, vstest.console.dll, ProxyDataCollectionManager.InvokeDataCollectionServiceAction: Completed.
TpTrace Verbose: 0 : 34696, 5, 2025/02/06, 01:20:10.962, 313175896176, vstest.console.dll, ParallelProxyExecutionManager.StartTestRunOnConcurrentManager: Initializing test run. Started clients: 0
TpTrace Verbose: 0 : 34696, 5, 2025/02/06, 01:20:10.962, 313175896891, vstest.console.dll, ProxyExecutionManager: Test host is always Lazy initialize.
TpTrace Verbose: 0 : 34696, 5, 2025/02/06, 01:20:10.962, 313175899175, vstest.console.dll, TestRequestSender.InitializeCommunication: initialize communication. 
TpTrace Information: 0 : 34696, 5, 2025/02/06, 01:20:10.963, 313175905590, vstest.console.dll, SocketServer.Start: Listening on endpoint : 127.0.0.1:56454
TpTrace Verbose: 0 : 34696, 5, 2025/02/06, 01:20:10.963, 313175910425, vstest.console.dll, DotnetTestHostmanager.GetTestHostProcessStartInfo: Platform environment 'X64' target architecture 'X64' framework '.NETCoreApp,Version=v8.0' OS 'Windows'
TpTrace Verbose: 0 : 34696, 5, 2025/02/06, 01:20:10.963, 313175911821, vstest.console.dll, DotnetTestHostmanager: Adding  --runtimeconfig "C:\Users\David\source\repos\PruebaTecnica\ClothesShop\Tests\bin\Debug\net8.0\fine-code-coverage\build-output\Tests.runtimeconfig.json" in args
TpTrace Verbose: 0 : 34696, 5, 2025/02/06, 01:20:10.963, 313175912386, vstest.console.dll, DotnetTestHostmanager: Adding  --depsfile "C:\Users\David\source\repos\PruebaTecnica\ClothesShop\Tests\bin\Debug\net8.0\fine-code-coverage\build-output\Tests.deps.json" in args
TpTrace Verbose: 0 : 34696, 5, 2025/02/06, 01:20:10.964, 313175913546, vstest.console.dll, DotnetTestHostmanager.IsWinOnArm: Current PROCESSOR_ARCHITECTURE from environment variable 'AMD64'
TpTrace Verbose: 0 : 34696, 5, 2025/02/06, 01:20:10.964, 313175913947, vstest.console.dll, DotnetTestHostmanager.IsWinOnArm: Is Windows on ARM 'False'
TpTrace Verbose: 0 : 34696, 5, 2025/02/06, 01:20:10.964, 313175914476, vstest.console.dll, DotnetTestHostManager: testhost.exe found at path: C:\Users\David\source\repos\PruebaTecnica\ClothesShop\Tests\bin\Debug\net8.0\fine-code-coverage\build-output\testhost.exe
TpTrace Verbose: 0 : 34696, 5, 2025/02/06, 01:20:10.964, 313175914719, vstest.console.dll, DotnetTestHostmanager: Full path of host exe is C:\Users\David\source\repos\PruebaTecnica\ClothesShop\Tests\bin\Debug\net8.0\fine-code-coverage\build-output\testhost.exe
TpTrace Verbose: 0 : 34696, 5, 2025/02/06, 01:20:10.964, 313175915537, vstest.console.dll, DotnetTestHostmanager.LaunchTestHostAsync: Found 'VSTEST_WINAPPHOST_DOTNET_ROOT' in env variables, value 'c:\program files\dotnet', forwarding to 'DOTNET_ROOT'
TpTrace Verbose: 0 : 34696, 5, 2025/02/06, 01:20:10.964, 313175916332, vstest.console.dll, DotnetTestHostManager: Starting process 'C:\Users\David\source\repos\PruebaTecnica\ClothesShop\Tests\bin\Debug\net8.0\fine-code-coverage\build-output\testhost.exe' with command line ' --runtimeconfig "C:\Users\David\source\repos\PruebaTecnica\ClothesShop\Tests\bin\Debug\net8.0\fine-code-coverage\build-output\Tests.runtimeconfig.json" --depsfile "C:\Users\David\source\repos\PruebaTecnica\ClothesShop\Tests\bin\Debug\net8.0\fine-code-coverage\build-output\Tests.deps.json" --port 56454 --endpoint 127.0.0.1:056454 --role client --parentprocessid 34696 --diag "C:\Users\David\source\repos\PruebaTecnica\ClothesShop\Tests\bin\Debug\net8.0\fine-code-coverage\coverage-tool-output\diagnostics.host.25-02-06_01-20-10_96346_5.log" --tracelevel 4 --datacollectionport 56453 --telemetryoptedin false'
TpTrace Verbose: 0 : 34696, 5, 2025/02/06, 01:20:10.968, 313175962345, vstest.console.dll, MulticastDelegateUtilities.SafeInvoke: HostProviderEvents.OnHostLaunched: Invoking callback 1/2 for Microsoft.VisualStudio.TestPlatform.CrossPlatEngine.Client.ProxyExecutionManagerWithDataCollection., took 0 ms.
TpTrace Verbose: 0 : 34696, 5, 2025/02/06, 01:20:10.969, 313175964462, vstest.console.dll, Test Runtime launched
TpTrace Verbose: 0 : 34696, 5, 2025/02/06, 01:20:10.969, 313175964826, vstest.console.dll, MulticastDelegateUtilities.SafeInvoke: HostProviderEvents.OnHostLaunched: Invoking callback 2/2 for Microsoft.VisualStudio.TestPlatform.CrossPlatEngine.Client.ProxyOperationManager., took 0 ms.
TpTrace Verbose: 0 : 34696, 5, 2025/02/06, 01:20:10.969, 313175965765, vstest.console.dll, TestRequestSender.WaitForRequestHandlerConnection: waiting for connection with timeout: 90000.
TpTrace Verbose: 0 : 34696, 7, 2025/02/06, 01:20:11.108, 313177355321, vstest.console.dll, MulticastDelegateUtilities.SafeInvoke: SocketServer: ClientConnected: Invoking callback 1/1 for Microsoft.VisualStudio.TestPlatform.CommunicationUtilities.TestRequestSender., took 0 ms.
TpTrace Verbose: 0 : 34696, 7, 2025/02/06, 01:20:11.108, 313177356864, vstest.console.dll, SocketServer.OnClientConnected: Client connected for endPoint: 127.0.0.1:56454, starting MessageLoopAsync:
TpTrace Verbose: 0 : 34696, 5, 2025/02/06, 01:20:11.108, 313177355375, vstest.console.dll, TestRequestSender.WaitForRequestHandlerConnection: waiting took 138 ms, with timeout 90000 ms, and result 0, which is success.
TpTrace Verbose: 0 : 34696, 14, 2025/02/06, 01:20:11.109, 313177364541, vstest.console.dll, TcpClientExtensions.MessageLoopAsync: Polling on remoteEndPoint: 127.0.0.1:56455 localEndPoint: 127.0.0.1:56454 after 0 ms
TpTrace Verbose: 0 : 34696, 5, 2025/02/06, 01:20:11.110, 313177376032, vstest.console.dll, TestRequestSender.CheckVersionWithTestHost: Sending check version message: {"MessageType":"ProtocolVersion","Payload":7}
TpTrace Verbose: 0 : 34696, 14, 2025/02/06, 01:20:11.195, 313178231048, vstest.console.dll, TcpClientExtensions.MessageLoopAsync: NotifyDataAvailable remoteEndPoint: 127.0.0.1:56455 localEndPoint: 127.0.0.1:56454
TpTrace Verbose: 0 : 34696, 14, 2025/02/06, 01:20:11.196, 313178234559, vstest.console.dll, TestRequestSender.CheckVersionWithTestHost: onMessageReceived received message: (ProtocolVersion) -> {"MessageType":"ProtocolVersion","Payload":7}
TpTrace Verbose: 0 : 34696, 14, 2025/02/06, 01:20:11.196, 313178240158, vstest.console.dll, MulticastDelegateUtilities.SafeInvoke: LengthPrefixCommunicationChannel: MessageReceived: Invoking callback 1/1 for Microsoft.VisualStudio.TestPlatform.CommunicationUtilities.TestRequestSender+<>c__DisplayClass29_0., took 0 ms.
TpTrace Verbose: 0 : 34696, 14, 2025/02/06, 01:20:11.196, 313178240783, vstest.console.dll, TcpClientExtensions.MessageLoopAsync: Polling on remoteEndPoint: 127.0.0.1:56455 localEndPoint: 127.0.0.1:56454 after 87 ms
TpTrace Verbose: 0 : 34696, 5, 2025/02/06, 01:20:11.196, 313178240816, vstest.console.dll, TestPluginCache.GetExtensionPaths: Filtered extension paths: 
TpTrace Verbose: 0 : 34696, 5, 2025/02/06, 01:20:11.196, 313178241370, vstest.console.dll, TestPluginCache.GetExtensionPaths: Added default extension paths: c:\program files\dotnet\sdk\8.0.303\Extensions\Microsoft.Diagnostics.NETCore.Client.dll
c:\program files\dotnet\sdk\8.0.303\Extensions\Microsoft.TestPlatform.Extensions.BlameDataCollector.dll
c:\program files\dotnet\sdk\8.0.303\Extensions\Microsoft.TestPlatform.Extensions.EventLogCollector.dll
c:\program files\dotnet\sdk\8.0.303\Extensions\Microsoft.TestPlatform.TestHostRuntimeProvider.dll
c:\program files\dotnet\sdk\8.0.303\Extensions\Microsoft.VisualStudio.TestPlatform.Extensions.Html.TestLogger.dll
c:\program files\dotnet\sdk\8.0.303\Extensions\Microsoft.VisualStudio.TestPlatform.Extensions.Trx.TestLogger.dll
TpTrace Verbose: 0 : 34696, 5, 2025/02/06, 01:20:11.196, 313178242478, vstest.console.dll, TestPluginCache.GetExtensionPaths: Added unfilterableExtensionPaths: 
TpTrace Verbose: 0 : 34696, 5, 2025/02/06, 01:20:11.198, 313178262766, vstest.console.dll, TestRequestSender.InitializeExecution: Sending initialize execution with message: {"Version":7,"MessageType":"TestExecution.Initialize","Payload":["C:\\Users\\David\\source\\repos\\PruebaTecnica\\ClothesShop\\Tests\\bin\\Debug\\net8.0\\fine-code-coverage\\build-output\\xunit.runner.visualstudio.dotnetcore.testadapter.dll"]}
TpTrace Verbose: 0 : 34696, 5, 2025/02/06, 01:20:11.199, 313178264589, vstest.console.dll, ParallelProxyExecutionManager.StartTestRunOnConcurrentManager: Execution starting. Started clients: 1
TpTrace Verbose: 0 : 34696, 5, 2025/02/06, 01:20:11.199, 313178266406, vstest.console.dll, TestRunRequest:SendTestRunMessage: Starting.
TpTrace Verbose: 0 : 34696, 5, 2025/02/06, 01:20:11.199, 313178267631, vstest.console.dll, MulticastDelegateUtilities.SafeInvoke: TestRun.LogMessages: Invoking callback 1/1 for Microsoft.VisualStudio.TestPlatform.CommandLine.TestRunResultAggregator., took 0 ms.
TpTrace Information: 0 : 34696, 5, 2025/02/06, 01:20:11.199, 313178267916, vstest.console.dll, TestRunRequest:SendTestRunMessage: Completed.
TpTrace Warning: 0 : 34696, 5, 2025/02/06, 01:20:11.199, 313178271124, vstest.console.dll, InferRunSettingsHelper.MakeRunsettingsCompatible: Removing the following settings: TargetPlatform from RunSettings file. To use those settings please move to latest version of Microsoft.NET.Test.Sdk
TpTrace Verbose: 0 : 34696, 4, 2025/02/06, 01:20:11.199, 313178271484, vstest.console.dll, MulticastDelegateUtilities.SafeInvoke: InternalTestLoggerEvents.SendTestRunMessage: Invoking callback 1/1 for Microsoft.VisualStudio.TestPlatform.CommandLine.Internal.ConsoleLogger., took 0 ms.
TpTrace Verbose: 0 : 34696, 14, 2025/02/06, 01:20:11.200, 313178275069, vstest.console.dll, TcpClientExtensions.MessageLoopAsync: NotifyDataAvailable remoteEndPoint: 127.0.0.1:56455 localEndPoint: 127.0.0.1:56454
TpTrace Verbose: 0 : 34696, 14, 2025/02/06, 01:20:11.200, 313178277434, vstest.console.dll, TestRequestSender.OnExecutionMessageReceived: Received message: {"Version":7,"MessageType":"TestSession.Message","Payload":{"MessageLevel":0,"Message":"Registrando diagnstico de TestHost en el archivo: C:\\Users\\David\\source\\repos\\PruebaTecnica\\ClothesShop\\Tests\\bin\\Debug\\net8.0\\fine-code-coverage\\coverage-tool-output\\diagnostics.host.25-02-06_01-20-10_96346_5.log"}}
TpTrace Verbose: 0 : 34696, 14, 2025/02/06, 01:20:11.202, 313178300906, vstest.console.dll, TestRunRequest:SendTestRunMessage: Starting.
TpTrace Verbose: 0 : 34696, 14, 2025/02/06, 01:20:11.202, 313178303281, vstest.console.dll, MulticastDelegateUtilities.SafeInvoke: TestRun.LogMessages: Invoking callback 1/1 for Microsoft.VisualStudio.TestPlatform.CommandLine.TestRunResultAggregator., took 0 ms.
TpTrace Information: 0 : 34696, 14, 2025/02/06, 01:20:11.203, 313178304482, vstest.console.dll, TestRunRequest:SendTestRunMessage: Completed.
TpTrace Verbose: 0 : 34696, 4, 2025/02/06, 01:20:11.203, 313178303579, vstest.console.dll, MulticastDelegateUtilities.SafeInvoke: InternalTestLoggerEvents.SendTestRunMessage: Invoking callback 1/1 for Microsoft.VisualStudio.TestPlatform.CommandLine.Internal.ConsoleLogger., took 0 ms.
TpTrace Verbose: 0 : 34696, 14, 2025/02/06, 01:20:11.203, 313178304940, vstest.console.dll, MulticastDelegateUtilities.SafeInvoke: LengthPrefixCommunicationChannel: MessageReceived: Invoking callback 1/1 for Microsoft.VisualStudio.TestPlatform.CommunicationUtilities.TestRequestSender+<>c__DisplayClass34_0., took 2 ms.
TpTrace Verbose: 0 : 34696, 14, 2025/02/06, 01:20:11.203, 313178305629, vstest.console.dll, TcpClientExtensions.MessageLoopAsync: Polling on remoteEndPoint: 127.0.0.1:56455 localEndPoint: 127.0.0.1:56454 after 6 ms
TpTrace Verbose: 0 : 34696, 5, 2025/02/06, 01:20:11.205, 313178331819, vstest.console.dll, TestRequestSender.StartTestRun: Sending test run with message: {"Version":7,"MessageType":"TestExecution.StartWithSources","Payload":{"AdapterSourceMap":{"_none_":["C:\\Users\\David\\source\\repos\\PruebaTecnica\\ClothesShop\\Tests\\bin\\Debug\\net8.0\\fine-code-coverage\\build-output\\Tests.dll"]},"RunSettings":"<RunSettings>\r\n  <RunConfiguration>\r\n    <ResultsDirectory>C:\\Users\\David\\source\\repos\\PruebaTecnica\\ClothesShop\\Tests\\bin\\Debug\\net8.0\\fine-code-coverage\\coverage-tool-output</ResultsDirectory>\r\n    <TargetFrameworkVersion>.NETCoreApp,Version=v8.0</TargetFrameworkVersion>\r\n    <DesignMode>False</DesignMode>\r\n    <CollectSourceInformation>False</CollectSourceInformation>\r\n  </RunConfiguration>\r\n  <LoggerRunSettings>\r\n    <Loggers>\r\n      <Logger friendlyName=\"blame\" enabled=\"True\" />\r\n      <Logger friendlyName=\"Console\" uri=\"logger://microsoft/TestPlatform/ConsoleLogger/v1\" assemblyQualifiedName=\"Microsoft.VisualStudio.TestPlatform.CommandLine.Internal.ConsoleLogger, vstest.console, Version=15.0.0.0, Culture=neutral, PublicKeyToken=b03f5f7f11d50a3a\" codeBase=\"c:\\program files\\dotnet\\sdk\\8.0.303\\vstest.console.dll\" enabled=\"True\" />\r\n    </Loggers>\r\n  </LoggerRunSettings>\r\n  <DataCollectionRunSettings>\r\n    <DataCollectors>\r\n      <DataCollector friendlyName=\"blame\" enabled=\"True\">\r\n        <Configuration>\r\n          <ResultsDirectory>C:\\Users\\David\\source\\repos\\PruebaTecnica\\ClothesShop\\Tests\\bin\\Debug\\net8.0\\fine-code-coverage\\coverage-tool-output</ResultsDirectory>\r\n        </Configuration>\r\n      </DataCollector>\r\n    </DataCollectors>\r\n  </DataCollectionRunSettings>\r\n</RunSettings>","TestExecutionContext":{"FrequencyOfRunStatsChangeEvent":10,"RunStatsChangeEventTimeout":"00:00:01.5000000","InIsolation":false,"KeepAlive":false,"AreTestCaseLevelEventsRequired":false,"IsDebug":false,"TestCaseFilter":null,"FilterOptions":null},"Package":null}}
TpTrace Verbose: 0 : 34696, 5, 2025/02/06, 01:20:11.206, 313178333723, vstest.console.dll, ParallelProxyExecutionManager.StartTestRunOnConcurrentManager: Execution started. Started clients: 1
TpTrace Verbose: 0 : 34696, 14, 2025/02/06, 01:20:11.297, 313179244209, vstest.console.dll, TcpClientExtensions.MessageLoopAsync: NotifyDataAvailable remoteEndPoint: 127.0.0.1:56455 localEndPoint: 127.0.0.1:56454
TpTrace Verbose: 0 : 34696, 14, 2025/02/06, 01:20:11.297, 313179246211, vstest.console.dll, TestRequestSender.OnExecutionMessageReceived: Received message: {"Version":7,"MessageType":"TestSession.Message","Payload":{"MessageLevel":0,"Message":"[xUnit.net 00:00:00.00] xUnit.net VSTest Adapter v2.5.3.1+6b60a9e56a (64-bit .NET 8.0.8)"}}
TpTrace Verbose: 0 : 34696, 14, 2025/02/06, 01:20:11.297, 313179248401, vstest.console.dll, TestRunRequest:SendTestRunMessage: Starting.
TpTrace Verbose: 0 : 34696, 14, 2025/02/06, 01:20:11.297, 313179248960, vstest.console.dll, MulticastDelegateUtilities.SafeInvoke: TestRun.LogMessages: Invoking callback 1/1 for Microsoft.VisualStudio.TestPlatform.CommandLine.TestRunResultAggregator., took 0 ms.
TpTrace Information: 0 : 34696, 14, 2025/02/06, 01:20:11.297, 313179249191, vstest.console.dll, TestRunRequest:SendTestRunMessage: Completed.
TpTrace Verbose: 0 : 34696, 14, 2025/02/06, 01:20:11.297, 313179249394, vstest.console.dll, MulticastDelegateUtilities.SafeInvoke: LengthPrefixCommunicationChannel: MessageReceived: Invoking callback 1/1 for Microsoft.VisualStudio.TestPlatform.CommunicationUtilities.TestRequestSender+<>c__DisplayClass34_0., took 0 ms.
TpTrace Verbose: 0 : 34696, 14, 2025/02/06, 01:20:11.297, 313179249684, vstest.console.dll, TcpClientExtensions.MessageLoopAsync: Polling on remoteEndPoint: 127.0.0.1:56455 localEndPoint: 127.0.0.1:56454 after 94 ms
TpTrace Verbose: 0 : 34696, 4, 2025/02/06, 01:20:11.297, 313179249732, vstest.console.dll, MulticastDelegateUtilities.SafeInvoke: InternalTestLoggerEvents.SendTestRunMessage: Invoking callback 1/1 for Microsoft.VisualStudio.TestPlatform.CommandLine.Internal.ConsoleLogger., took 0 ms.
TpTrace Verbose: 0 : 34696, 14, 2025/02/06, 01:20:11.351, 313179785670, vstest.console.dll, TcpClientExtensions.MessageLoopAsync: NotifyDataAvailable remoteEndPoint: 127.0.0.1:56455 localEndPoint: 127.0.0.1:56454
TpTrace Verbose: 0 : 34696, 14, 2025/02/06, 01:20:11.351, 313179787407, vstest.console.dll, TestRequestSender.OnExecutionMessageReceived: Received message: {"Version":7,"MessageType":"TestSession.Message","Payload":{"MessageLevel":0,"Message":"[xUnit.net 00:00:00.05]   Discovering: Tests"}}
TpTrace Verbose: 0 : 34696, 14, 2025/02/06, 01:20:11.351, 313179788544, vstest.console.dll, TestRunRequest:SendTestRunMessage: Starting.
TpTrace Verbose: 0 : 34696, 14, 2025/02/06, 01:20:11.351, 313179788964, vstest.console.dll, MulticastDelegateUtilities.SafeInvoke: TestRun.LogMessages: Invoking callback 1/1 for Microsoft.VisualStudio.TestPlatform.CommandLine.TestRunResultAggregator., took 0 ms.
TpTrace Information: 0 : 34696, 14, 2025/02/06, 01:20:11.351, 313179789161, vstest.console.dll, TestRunRequest:SendTestRunMessage: Completed.
TpTrace Verbose: 0 : 34696, 14, 2025/02/06, 01:20:11.351, 313179789344, vstest.console.dll, MulticastDelegateUtilities.SafeInvoke: LengthPrefixCommunicationChannel: MessageReceived: Invoking callback 1/1 for Microsoft.VisualStudio.TestPlatform.CommunicationUtilities.TestRequestSender+<>c__DisplayClass34_0., took 0 ms.
TpTrace Verbose: 0 : 34696, 14, 2025/02/06, 01:20:11.351, 313179789604, vstest.console.dll, TcpClientExtensions.MessageLoopAsync: Polling on remoteEndPoint: 127.0.0.1:56455 localEndPoint: 127.0.0.1:56454 after 53 ms
TpTrace Verbose: 0 : 34696, 4, 2025/02/06, 01:20:11.351, 313179789669, vstest.console.dll, MulticastDelegateUtilities.SafeInvoke: InternalTestLoggerEvents.SendTestRunMessage: Invoking callback 1/1 for Microsoft.VisualStudio.TestPlatform.CommandLine.Internal.ConsoleLogger., took 0 ms.
TpTrace Verbose: 0 : 34696, 14, 2025/02/06, 01:20:11.374, 313180017005, vstest.console.dll, TcpClientExtensions.MessageLoopAsync: NotifyDataAvailable remoteEndPoint: 127.0.0.1:56455 localEndPoint: 127.0.0.1:56454
TpTrace Verbose: 0 : 34696, 14, 2025/02/06, 01:20:11.374, 313180018775, vstest.console.dll, TestRequestSender.OnExecutionMessageReceived: Received message: {"Version":7,"MessageType":"TestSession.Message","Payload":{"MessageLevel":0,"Message":"[xUnit.net 00:00:00.08]   Discovered:  Tests"}}
TpTrace Verbose: 0 : 34696, 14, 2025/02/06, 01:20:11.374, 313180019874, vstest.console.dll, TestRunRequest:SendTestRunMessage: Starting.
TpTrace Verbose: 0 : 34696, 14, 2025/02/06, 01:20:11.374, 313180020302, vstest.console.dll, MulticastDelegateUtilities.SafeInvoke: TestRun.LogMessages: Invoking callback 1/1 for Microsoft.VisualStudio.TestPlatform.CommandLine.TestRunResultAggregator., took 0 ms.
TpTrace Information: 0 : 34696, 14, 2025/02/06, 01:20:11.374, 313180020500, vstest.console.dll, TestRunRequest:SendTestRunMessage: Completed.
TpTrace Verbose: 0 : 34696, 4, 2025/02/06, 01:20:11.374, 313180020615, vstest.console.dll, MulticastDelegateUtilities.SafeInvoke: InternalTestLoggerEvents.SendTestRunMessage: Invoking callback 1/1 for Microsoft.VisualStudio.TestPlatform.CommandLine.Internal.ConsoleLogger., took 0 ms.
TpTrace Verbose: 0 : 34696, 14, 2025/02/06, 01:20:11.374, 313180020681, vstest.console.dll, MulticastDelegateUtilities.SafeInvoke: LengthPrefixCommunicationChannel: MessageReceived: Invoking callback 1/1 for Microsoft.VisualStudio.TestPlatform.CommunicationUtilities.TestRequestSender+<>c__DisplayClass34_0., took 0 ms.
TpTrace Verbose: 0 : 34696, 14, 2025/02/06, 01:20:11.374, 313180021283, vstest.console.dll, TcpClientExtensions.MessageLoopAsync: Polling on remoteEndPoint: 127.0.0.1:56455 localEndPoint: 127.0.0.1:56454 after 23 ms
TpTrace Verbose: 0 : 34696, 14, 2025/02/06, 01:20:11.375, 313180033211, vstest.console.dll, TcpClientExtensions.MessageLoopAsync: NotifyDataAvailable remoteEndPoint: 127.0.0.1:56455 localEndPoint: 127.0.0.1:56454
TpTrace Verbose: 0 : 34696, 14, 2025/02/06, 01:20:11.376, 313180033615, vstest.console.dll, TestRequestSender.OnExecutionMessageReceived: Received message: {"Version":7,"MessageType":"TestSession.Message","Payload":{"MessageLevel":0,"Message":"[xUnit.net 00:00:00.08]   Starting:    Tests"}}
TpTrace Verbose: 0 : 34696, 14, 2025/02/06, 01:20:11.376, 313180034081, vstest.console.dll, TestRunRequest:SendTestRunMessage: Starting.
TpTrace Verbose: 0 : 34696, 14, 2025/02/06, 01:20:11.376, 313180034455, vstest.console.dll, MulticastDelegateUtilities.SafeInvoke: TestRun.LogMessages: Invoking callback 1/1 for Microsoft.VisualStudio.TestPlatform.CommandLine.TestRunResultAggregator., took 0 ms.
TpTrace Verbose: 0 : 34696, 4, 2025/02/06, 01:20:11.376, 313180034596, vstest.console.dll, MulticastDelegateUtilities.SafeInvoke: InternalTestLoggerEvents.SendTestRunMessage: Invoking callback 1/1 for Microsoft.VisualStudio.TestPlatform.CommandLine.Internal.ConsoleLogger., took 0 ms.
TpTrace Information: 0 : 34696, 14, 2025/02/06, 01:20:11.376, 313180034642, vstest.console.dll, TestRunRequest:SendTestRunMessage: Completed.
TpTrace Verbose: 0 : 34696, 14, 2025/02/06, 01:20:11.376, 313180035176, vstest.console.dll, MulticastDelegateUtilities.SafeInvoke: LengthPrefixCommunicationChannel: MessageReceived: Invoking callback 1/1 for Microsoft.VisualStudio.TestPlatform.CommunicationUtilities.TestRequestSender+<>c__DisplayClass34_0., took 0 ms.
TpTrace Verbose: 0 : 34696, 14, 2025/02/06, 01:20:11.376, 313180035357, vstest.console.dll, TcpClientExtensions.MessageLoopAsync: Polling on remoteEndPoint: 127.0.0.1:56455 localEndPoint: 127.0.0.1:56454 after 1 ms
TpTrace Verbose: 0 : 34696, 14, 2025/02/06, 01:20:11.732, 313183596522, vstest.console.dll, TcpClientExtensions.MessageLoopAsync: NotifyDataAvailable remoteEndPoint: 127.0.0.1:56455 localEndPoint: 127.0.0.1:56454
TpTrace Verbose: 0 : 34696, 14, 2025/02/06, 01:20:11.732, 313183599742, vstest.console.dll, TestRequestSender.OnExecutionMessageReceived: Received message: {"Version":7,"MessageType":"TestExecution.StatsChange","Payload":{"NewTestResults":[{"TestCase":{"Id":"ec119f0b-218e-5874-da2f-917aad801603","FullyQualifiedName":"ProductsControllerTests.CreateProduct_ReturnsCreatedProduct","DisplayName":"ProductsControllerTests.CreateProduct_ReturnsCreatedProduct","ExecutorUri":"executor://xunit/VsTestRunner2/netcoreapp","Source":"C:\\Users\\David\\source\\repos\\PruebaTecnica\\ClothesShop\\Tests\\bin\\Debug\\net8.0\\fine-code-coverage\\build-output\\Tests.dll","CodeFilePath":null,"LineNumber":0,"Properties":[]},"Attachments":[],"Outcome":1,"ErrorMessage":null,"ErrorStackTrace":null,"DisplayName":"ProductsControllerTests.CreateProduct_ReturnsCreatedProduct","Messages":[],"ComputerName":"DESKTOP-AD57HPB","Duration":"00:00:00.0556210","StartTime":"2025-02-06T00:20:11.4666833+00:00","EndTime":"2025-02-06T00:20:11.4666981+00:00","Properties":[]},{"TestCase":{"Id":"08c56d46-6cf4-88d3-71f8-aa86f2c83cff","FullyQualifiedName":"ProductsControllerTests.UpdateProduct_ReturnsNotFound_WhenDoesNotExist","DisplayName":"ProductsControllerTests.UpdateProduct_ReturnsNotFound_WhenDoesNotExist","ExecutorUri":"executor://xunit/VsTestRunner2/netcoreapp","Source":"C:\\Users\\David\\source\\repos\\PruebaTecnica\\ClothesShop\\Tests\\bin\\Debug\\net8.0\\fine-code-coverage\\build-output\\Tests.dll","CodeFilePath":null,"LineNumber":0,"Properties":[]},"Attachments":[],"Outcome":1,"ErrorMessage":null,"ErrorStackTrace":null,"DisplayName":"ProductsControllerTests.UpdateProduct_ReturnsNotFound_WhenDoesNotExist","Messages":[],"ComputerName":"DESKTOP-AD57HPB","Duration":"00:00:00.0043952","StartTime":"2025-02-06T00:20:11.4789299+00:00","EndTime":"2025-02-06T00:20:11.47893+00:00","Properties":[]},{"TestCase":{"Id":"6596ce30-301c-f14e-f6fb-f1a0a4de0346","FullyQualifiedName":"ProductsControllerTests.DeleteProduct_ReturnsNotFound_WhenDoesNotExist","DisplayName":"ProductsControllerTests.DeleteProduct_ReturnsNotFound_WhenDoesNotExist","ExecutorUri":"executor://xunit/VsTestRunner2/netcoreapp","Source":"C:\\Users\\David\\source\\repos\\PruebaTecnica\\ClothesShop\\Tests\\bin\\Debug\\net8.0\\fine-code-coverage\\build-output\\Tests.dll","CodeFilePath":null,"LineNumber":0,"Properties":[]},"Attachments":[],"Outcome":1,"ErrorMessage":null,"ErrorStackTrace":null,"DisplayName":"ProductsControllerTests.DeleteProduct_ReturnsNotFound_WhenDoesNotExist","Messages":[],"ComputerName":"DESKTOP-AD57HPB","Duration":"00:00:00.0014430","StartTime":"2025-02-06T00:20:11.480927+00:00","EndTime":"2025-02-06T00:20:11.4809271+00:00","Properties":[]},{"TestCase":{"Id":"bad1d629-8d61-5ef4-4072-5990a77afed1","FullyQualifiedName":"ProductsControllerTests.GetProductById_ReturnsNotFound_WhenDoesNotExist","DisplayName":"ProductsControllerTests.GetProductById_ReturnsNotFound_WhenDoesNotExist","ExecutorUri":"executor://xunit/VsTestRunner2/netcoreapp","Source":"C:\\Users\\David\\source\\repos\\PruebaTecnica\\ClothesShop\\Tests\\bin\\Debug\\net8.0\\fine-code-coverage\\build-output\\Tests.dll","CodeFilePath":null,"LineNumber":0,"Properties":[]},"Attachments":[],"Outcome":1,"ErrorMessage":null,"ErrorStackTrace":null,"DisplayName":"ProductsControllerTests.GetProductById_ReturnsNotFound_WhenDoesNotExist","Messages":[],"ComputerName":"DESKTOP-AD57HPB","Duration":"00:00:00.0009768","StartTime":"2025-02-06T00:20:11.4827522+00:00","EndTime":"2025-02-06T00:20:11.4827522+00:00","Properties":[]},{"TestCase":{"Id":"d4a106d2-c995-3d5d-86b2-ce97bd123078","FullyQualifiedName":"ProductsControllerTests.GetProductById_ReturnsProduct_WhenExists","DisplayName":"ProductsControllerTests.GetProductById_ReturnsProduct_WhenExists","ExecutorUri":"executor://xunit/VsTestRunner2/netcoreapp","Source":"C:\\Users\\David\\source\\repos\\PruebaTecnica\\ClothesShop\\Tests\\bin\\Debug\\net8.0\\fine-code-coverage\\build-output\\Tests.dll","CodeFilePath":null,"LineNumber":0,"Properties":[]},"Attachments":[],"Outcome":1,"ErrorMessage":null,"ErrorStackTrace":null,"DisplayName":"ProductsControllerTests.GetProductById_ReturnsProduct_WhenExists","Messages":[],"ComputerName":"DESKTOP-AD57HPB","Duration":"00:00:00.0005617","StartTime":"2025-02-06T00:20:11.4844332+00:00","EndTime":"2025-02-06T00:20:11.4844332+00:00","Properties":[]},{"TestCase":{"Id":"924664c2-7d80-db82-7dd3-3510a289fdd2","FullyQualifiedName":"ProductsControllerTests.DeleteProduct_ReturnsSuccess_WhenDeleted","DisplayName":"ProductsControllerTests.DeleteProduct_ReturnsSuccess_WhenDeleted","ExecutorUri":"executor://xunit/VsTestRunner2/netcoreapp","Source":"C:\\Users\\David\\source\\repos\\PruebaTecnica\\ClothesShop\\Tests\\bin\\Debug\\net8.0\\fine-code-coverage\\build-output\\Tests.dll","CodeFilePath":null,"LineNumber":0,"Properties":[]},"Attachments":[],"Outcome":1,"ErrorMessage":null,"ErrorStackTrace":null,"DisplayName":"ProductsControllerTests.DeleteProduct_ReturnsSuccess_WhenDeleted","Messages":[],"ComputerName":"DESKTOP-AD57HPB","Duration":"00:00:00.0005576","StartTime":"2025-02-06T00:20:11.4858026+00:00","EndTime":"2025-02-06T00:20:11.4858027+00:00","Properties":[]},{"TestCase":{"Id":"e1dd3871-1e59-f5c4-7c22-cc9a50312e5a","FullyQualifiedName":"ProductsControllerTests.GetProducts_ReturnsOk_WhenProductsExist","DisplayName":"ProductsControllerTests.GetProducts_ReturnsOk_WhenProductsExist","ExecutorUri":"executor://xunit/VsTestRunner2/netcoreapp","Source":"C:\\Users\\David\\source\\repos\\PruebaTecnica\\ClothesShop\\Tests\\bin\\Debug\\net8.0\\fine-code-coverage\\build-output\\Tests.dll","CodeFilePath":null,"LineNumber":0,"Properties":[]},"Attachments":[],"Outcome":1,"ErrorMessage":null,"ErrorStackTrace":null,"DisplayName":"ProductsControllerTests.GetProducts_ReturnsOk_WhenProductsExist","Messages":[],"ComputerName":"DESKTOP-AD57HPB","Duration":"00:00:00.0014813","StartTime":"2025-02-06T00:20:11.4874534+00:00","EndTime":"2025-02-06T00:20:11.4874534+00:00","Properties":[]},{"TestCase":{"Id":"aecac931-f4f5-91e4-eb7e-8ddf9a1f7fd8","FullyQualifiedName":"ProductsControllerTests.UpdateProduct_ReturnsUpdatedProduct_WhenExists","DisplayName":"ProductsControllerTests.UpdateProduct_ReturnsUpdatedProduct_WhenExists","ExecutorUri":"executor://xunit/VsTestRunner2/netcoreapp","Source":"C:\\Users\\David\\source\\repos\\PruebaTecnica\\ClothesShop\\Tests\\bin\\Debug\\net8.0\\fine-code-coverage\\build-output\\Tests.dll","CodeFilePath":null,"LineNumber":0,"Properties":[]},"Attachments":[],"Outcome":1,"ErrorMessage":null,"ErrorStackTrace":null,"DisplayName":"ProductsControllerTests.UpdateProduct_ReturnsUpdatedProduct_WhenExists","Messages":[],"ComputerName":"DESKTOP-AD57HPB","Duration":"00:00:00.0009344","StartTime":"2025-02-06T00:20:11.4889871+00:00","EndTime":"2025-02-06T00:20:11.4889872+00:00","Properties":[]},{"TestCase":{"Id":"264c09dc-c9f6-bc86-100d-e57abbca4ba0","FullyQualifiedName":"ProductServiceTests.UpdateProductAsync_UpdatesProductSuccessfully","DisplayName":"ProductServiceTests.UpdateProductAsync_UpdatesProductSuccessfully","ExecutorUri":"executor://xunit/VsTestRunner2/netcoreapp","Source":"C:\\Users\\David\\source\\repos\\PruebaTecnica\\ClothesShop\\Tests\\bin\\Debug\\net8.0\\fine-code-coverage\\build-output\\Tests.dll","CodeFilePath":null,"LineNumber":0,"Properties":[]},"Attachments":[],"Outcome":1,"ErrorMessage":null,"ErrorStackTrace":null,"DisplayName":"ProductServiceTests.UpdateProductAsync_UpdatesProductSuccessfully","Messages":[],"ComputerName":"DESKTOP-AD57HPB","Duration":"00:00:00.3005989","StartTime":"2025-02-06T00:20:11.707448+00:00","EndTime":"2025-02-06T00:20:11.7074485+00:00","Properties":[]}],"TestRunStatistics":{"ExecutedTests":9,"Stats":{"Passed":9}},"ActiveTests":[{"Id":"bda439c5-71f5-3641-5ba1-fa98ea975438","FullyQualifiedName":"ProductServiceTests.GetProductByIdAsync_ReturnsNotFound_WhenDoesNotExist","DisplayName":"ProductServiceTests.GetProductByIdAsync_ReturnsNotFound_WhenDoesNotExist","ExecutorUri":"executor://xunit/VsTestRunner2/netcoreapp","Source":"C:\\Users\\David\\source\\repos\\PruebaTecnica\\ClothesShop\\Tests\\bin\\Debug\\net8.0\\fine-code-coverage\\build-output\\Tests.dll","CodeFilePath":null,"LineNumber":0,"Properties":[]}]}}
TpTrace Verbose: 0 : 34696, 14, 2025/02/06, 01:20:11.747, 313183743981, vstest.console.dll, TestRunRequest:SendTestRunStatsChange: Starting.
TpTrace Verbose: 0 : 34696, 14, 2025/02/06, 01:20:11.747, 313183745374, vstest.console.dll, InProgress is ProductServiceTests.GetProductByIdAsync_ReturnsNotFound_WhenDoesNotExist
TpTrace Verbose: 0 : 34696, 14, 2025/02/06, 01:20:11.747, 313183746696, vstest.console.dll, MulticastDelegateUtilities.SafeInvoke: TestRun.RunStatsChanged: Invoking callbacks was skipped because there are no subscribers.
TpTrace Information: 0 : 34696, 14, 2025/02/06, 01:20:11.747, 313183746987, vstest.console.dll, TestRunRequest:SendTestRunStatsChange: Completed.
TpTrace Verbose: 0 : 34696, 14, 2025/02/06, 01:20:11.747, 313183747210, vstest.console.dll, MulticastDelegateUtilities.SafeInvoke: LengthPrefixCommunicationChannel: MessageReceived: Invoking callback 1/1 for Microsoft.VisualStudio.TestPlatform.CommunicationUtilities.TestRequestSender+<>c__DisplayClass34_0., took 14 ms.
TpTrace Verbose: 0 : 34696, 14, 2025/02/06, 01:20:11.747, 313183747543, vstest.console.dll, TcpClientExtensions.MessageLoopAsync: Polling on remoteEndPoint: 127.0.0.1:56455 localEndPoint: 127.0.0.1:56454 after 371 ms
TpTrace Verbose: 0 : 34696, 4, 2025/02/06, 01:20:11.749, 313183770763, vstest.console.dll, MulticastDelegateUtilities.SafeInvoke: InternalTestLoggerEvents.SendTestResult: Invoking callback 1/1 for Microsoft.VisualStudio.TestPlatform.CommandLine.Internal.ConsoleLogger., took 2 ms.
TpTrace Verbose: 0 : 34696, 4, 2025/02/06, 01:20:11.750, 313183774320, vstest.console.dll, MulticastDelegateUtilities.SafeInvoke: InternalTestLoggerEvents.SendTestResult: Invoking callback 1/1 for Microsoft.VisualStudio.TestPlatform.CommandLine.Internal.ConsoleLogger., took 0 ms.
TpTrace Verbose: 0 : 34696, 4, 2025/02/06, 01:20:11.751, 313183787101, vstest.console.dll, MulticastDelegateUtilities.SafeInvoke: InternalTestLoggerEvents.SendTestResult: Invoking callback 1/1 for Microsoft.VisualStudio.TestPlatform.CommandLine.Internal.ConsoleLogger., took 1 ms.
TpTrace Verbose: 0 : 34696, 4, 2025/02/06, 01:20:11.751, 313183788874, vstest.console.dll, MulticastDelegateUtilities.SafeInvoke: InternalTestLoggerEvents.SendTestResult: Invoking callback 1/1 for Microsoft.VisualStudio.TestPlatform.CommandLine.Internal.ConsoleLogger., took 0 ms.
TpTrace Verbose: 0 : 34696, 4, 2025/02/06, 01:20:11.751, 313183789445, vstest.console.dll, MulticastDelegateUtilities.SafeInvoke: InternalTestLoggerEvents.SendTestResult: Invoking callback 1/1 for Microsoft.VisualStudio.TestPlatform.CommandLine.Internal.ConsoleLogger., took 0 ms.
TpTrace Verbose: 0 : 34696, 4, 2025/02/06, 01:20:11.751, 313183789822, vstest.console.dll, MulticastDelegateUtilities.SafeInvoke: InternalTestLoggerEvents.SendTestResult: Invoking callback 1/1 for Microsoft.VisualStudio.TestPlatform.CommandLine.Internal.ConsoleLogger., took 0 ms.
TpTrace Verbose: 0 : 34696, 4, 2025/02/06, 01:20:11.751, 313183790261, vstest.console.dll, MulticastDelegateUtilities.SafeInvoke: InternalTestLoggerEvents.SendTestResult: Invoking callback 1/1 for Microsoft.VisualStudio.TestPlatform.CommandLine.Internal.ConsoleLogger., took 0 ms.
TpTrace Verbose: 0 : 34696, 4, 2025/02/06, 01:20:11.751, 313183790775, vstest.console.dll, MulticastDelegateUtilities.SafeInvoke: InternalTestLoggerEvents.SendTestResult: Invoking callback 1/1 for Microsoft.VisualStudio.TestPlatform.CommandLine.Internal.ConsoleLogger., took 0 ms.
TpTrace Verbose: 0 : 34696, 4, 2025/02/06, 01:20:11.751, 313183791137, vstest.console.dll, MulticastDelegateUtilities.SafeInvoke: InternalTestLoggerEvents.SendTestResult: Invoking callback 1/1 for Microsoft.VisualStudio.TestPlatform.CommandLine.Internal.ConsoleLogger., took 0 ms.
TpTrace Verbose: 0 : 34696, 14, 2025/02/06, 01:20:11.857, 313184851671, vstest.console.dll, TcpClientExtensions.MessageLoopAsync: NotifyDataAvailable remoteEndPoint: 127.0.0.1:56455 localEndPoint: 127.0.0.1:56454
TpTrace Verbose: 0 : 34696, 14, 2025/02/06, 01:20:11.857, 313184853256, vstest.console.dll, TestRequestSender.OnExecutionMessageReceived: Received message: {"Version":7,"MessageType":"TestSession.Message","Payload":{"MessageLevel":2,"Message":"[xUnit.net 00:00:00.56]     ProductServiceTests.GetAllProductsAsync_ReturnsListOfProducts [FAIL]"}}
TpTrace Verbose: 0 : 34696, 14, 2025/02/06, 01:20:11.858, 313184854340, vstest.console.dll, TestRunRequest:SendTestRunMessage: Starting.
TpTrace Verbose: 0 : 34696, 14, 2025/02/06, 01:20:11.858, 313184856695, vstest.console.dll, MulticastDelegateUtilities.SafeInvoke: TestRun.LogMessages: Invoking callback 1/1 for Microsoft.VisualStudio.TestPlatform.CommandLine.TestRunResultAggregator., took 0 ms.
TpTrace Information: 0 : 34696, 14, 2025/02/06, 01:20:11.858, 313184857064, vstest.console.dll, TestRunRequest:SendTestRunMessage: Completed.
TpTrace Verbose: 0 : 34696, 14, 2025/02/06, 01:20:11.858, 313184857321, vstest.console.dll, MulticastDelegateUtilities.SafeInvoke: LengthPrefixCommunicationChannel: MessageReceived: Invoking callback 1/1 for Microsoft.VisualStudio.TestPlatform.CommunicationUtilities.TestRequestSender+<>c__DisplayClass34_0., took 0 ms.
TpTrace Verbose: 0 : 34696, 14, 2025/02/06, 01:20:11.858, 313184857749, vstest.console.dll, TcpClientExtensions.MessageLoopAsync: Polling on remoteEndPoint: 127.0.0.1:56455 localEndPoint: 127.0.0.1:56454 after 111 ms
TpTrace Verbose: 0 : 34696, 14, 2025/02/06, 01:20:11.858, 313184858092, vstest.console.dll, TcpClientExtensions.MessageLoopAsync: NotifyDataAvailable remoteEndPoint: 127.0.0.1:56455 localEndPoint: 127.0.0.1:56454
TpTrace Verbose: 0 : 34696, 4, 2025/02/06, 01:20:11.858, 313184858401, vstest.console.dll, MulticastDelegateUtilities.SafeInvoke: InternalTestLoggerEvents.SendTestRunMessage: Invoking callback 1/1 for Microsoft.VisualStudio.TestPlatform.CommandLine.Internal.ConsoleLogger., took 0 ms.
TpTrace Verbose: 0 : 34696, 14, 2025/02/06, 01:20:11.858, 313184858563, vstest.console.dll, TestRequestSender.OnExecutionMessageReceived: Received message: {"Version":7,"MessageType":"TestSession.Message","Payload":{"MessageLevel":0,"Message":"[xUnit.net 00:00:00.56]       Assert.Equal() Failure: Values differ"}}
TpTrace Verbose: 0 : 34696, 14, 2025/02/06, 01:20:11.858, 313184861464, vstest.console.dll, TestRunRequest:SendTestRunMessage: Starting.
TpTrace Verbose: 0 : 34696, 14, 2025/02/06, 01:20:11.858, 313184861973, vstest.console.dll, MulticastDelegateUtilities.SafeInvoke: TestRun.LogMessages: Invoking callback 1/1 for Microsoft.VisualStudio.TestPlatform.CommandLine.TestRunResultAggregator., took 0 ms.
TpTrace Information: 0 : 34696, 14, 2025/02/06, 01:20:11.858, 313184862217, vstest.console.dll, TestRunRequest:SendTestRunMessage: Completed.
TpTrace Verbose: 0 : 34696, 4, 2025/02/06, 01:20:11.858, 313184862211, vstest.console.dll, MulticastDelegateUtilities.SafeInvoke: InternalTestLoggerEvents.SendTestRunMessage: Invoking callback 1/1 for Microsoft.VisualStudio.TestPlatform.CommandLine.Internal.ConsoleLogger., took 0 ms.
TpTrace Verbose: 0 : 34696, 14, 2025/02/06, 01:20:11.858, 313184862596, vstest.console.dll, MulticastDelegateUtilities.SafeInvoke: LengthPrefixCommunicationChannel: MessageReceived: Invoking callback 1/1 for Microsoft.VisualStudio.TestPlatform.CommunicationUtilities.TestRequestSender+<>c__DisplayClass34_0., took 0 ms.
TpTrace Verbose: 0 : 34696, 14, 2025/02/06, 01:20:11.858, 313184863200, vstest.console.dll, TcpClientExtensions.MessageLoopAsync: Polling on remoteEndPoint: 127.0.0.1:56455 localEndPoint: 127.0.0.1:56454 after 0 ms
TpTrace Verbose: 0 : 34696, 14, 2025/02/06, 01:20:11.859, 313184863465, vstest.console.dll, TcpClientExtensions.MessageLoopAsync: NotifyDataAvailable remoteEndPoint: 127.0.0.1:56455 localEndPoint: 127.0.0.1:56454
TpTrace Verbose: 0 : 34696, 14, 2025/02/06, 01:20:11.859, 313184863769, vstest.console.dll, TestRequestSender.OnExecutionMessageReceived: Received message: {"Version":7,"MessageType":"TestSession.Message","Payload":{"MessageLevel":0,"Message":"[xUnit.net 00:00:00.56]       Expected: 2"}}
TpTrace Verbose: 0 : 34696, 14, 2025/02/06, 01:20:11.859, 313184864253, vstest.console.dll, TestRunRequest:SendTestRunMessage: Starting.
TpTrace Verbose: 0 : 34696, 14, 2025/02/06, 01:20:11.859, 313184864699, vstest.console.dll, MulticastDelegateUtilities.SafeInvoke: TestRun.LogMessages: Invoking callback 1/1 for Microsoft.VisualStudio.TestPlatform.CommandLine.TestRunResultAggregator., took 0 ms.
TpTrace Verbose: 0 : 34696, 4, 2025/02/06, 01:20:11.859, 313184864827, vstest.console.dll, MulticastDelegateUtilities.SafeInvoke: InternalTestLoggerEvents.SendTestRunMessage: Invoking callback 1/1 for Microsoft.VisualStudio.TestPlatform.CommandLine.Internal.ConsoleLogger., took 0 ms.
TpTrace Information: 0 : 34696, 14, 2025/02/06, 01:20:11.859, 313184864948, vstest.console.dll, TestRunRequest:SendTestRunMessage: Completed.
TpTrace Verbose: 0 : 34696, 14, 2025/02/06, 01:20:11.859, 313184865455, vstest.console.dll, MulticastDelegateUtilities.SafeInvoke: LengthPrefixCommunicationChannel: MessageReceived: Invoking callback 1/1 for Microsoft.VisualStudio.TestPlatform.CommunicationUtilities.TestRequestSender+<>c__DisplayClass34_0., took 0 ms.
TpTrace Verbose: 0 : 34696, 14, 2025/02/06, 01:20:11.859, 313184865685, vstest.console.dll, TcpClientExtensions.MessageLoopAsync: Polling on remoteEndPoint: 127.0.0.1:56455 localEndPoint: 127.0.0.1:56454 after 0 ms
TpTrace Verbose: 0 : 34696, 14, 2025/02/06, 01:20:11.859, 313184865893, vstest.console.dll, TcpClientExtensions.MessageLoopAsync: NotifyDataAvailable remoteEndPoint: 127.0.0.1:56455 localEndPoint: 127.0.0.1:56454
TpTrace Verbose: 0 : 34696, 14, 2025/02/06, 01:20:11.859, 313184866188, vstest.console.dll, TestRequestSender.OnExecutionMessageReceived: Received message: {"Version":7,"MessageType":"TestSession.Message","Payload":{"MessageLevel":0,"Message":"[xUnit.net 00:00:00.56]       Actual:   3"}}
TpTrace Verbose: 0 : 34696, 14, 2025/02/06, 01:20:11.859, 313184866675, vstest.console.dll, TestRunRequest:SendTestRunMessage: Starting.
TpTrace Verbose: 0 : 34696, 14, 2025/02/06, 01:20:11.859, 313184866984, vstest.console.dll, MulticastDelegateUtilities.SafeInvoke: TestRun.LogMessages: Invoking callback 1/1 for Microsoft.VisualStudio.TestPlatform.CommandLine.TestRunResultAggregator., took 0 ms.
TpTrace Information: 0 : 34696, 14, 2025/02/06, 01:20:11.859, 313184867185, vstest.console.dll, TestRunRequest:SendTestRunMessage: Completed.
TpTrace Verbose: 0 : 34696, 4, 2025/02/06, 01:20:11.859, 313184867035, vstest.console.dll, MulticastDelegateUtilities.SafeInvoke: InternalTestLoggerEvents.SendTestRunMessage: Invoking callback 1/1 for Microsoft.VisualStudio.TestPlatform.CommandLine.Internal.ConsoleLogger., took 0 ms.
TpTrace Verbose: 0 : 34696, 14, 2025/02/06, 01:20:11.859, 313184867409, vstest.console.dll, MulticastDelegateUtilities.SafeInvoke: LengthPrefixCommunicationChannel: MessageReceived: Invoking callback 1/1 for Microsoft.VisualStudio.TestPlatform.CommunicationUtilities.TestRequestSender+<>c__DisplayClass34_0., took 0 ms.
TpTrace Verbose: 0 : 34696, 14, 2025/02/06, 01:20:11.859, 313184867935, vstest.console.dll, TcpClientExtensions.MessageLoopAsync: Polling on remoteEndPoint: 127.0.0.1:56455 localEndPoint: 127.0.0.1:56454 after 0 ms
TpTrace Verbose: 0 : 34696, 14, 2025/02/06, 01:20:11.859, 313184868157, vstest.console.dll, TcpClientExtensions.MessageLoopAsync: NotifyDataAvailable remoteEndPoint: 127.0.0.1:56455 localEndPoint: 127.0.0.1:56454
TpTrace Verbose: 0 : 34696, 14, 2025/02/06, 01:20:11.859, 313184868441, vstest.console.dll, TestRequestSender.OnExecutionMessageReceived: Received message: {"Version":7,"MessageType":"TestSession.Message","Payload":{"MessageLevel":0,"Message":"[xUnit.net 00:00:00.56]       Stack Trace:"}}
TpTrace Verbose: 0 : 34696, 14, 2025/02/06, 01:20:11.859, 313184868994, vstest.console.dll, TestRunRequest:SendTestRunMessage: Starting.
TpTrace Verbose: 0 : 34696, 14, 2025/02/06, 01:20:11.859, 313184869296, vstest.console.dll, MulticastDelegateUtilities.SafeInvoke: TestRun.LogMessages: Invoking callback 1/1 for Microsoft.VisualStudio.TestPlatform.CommandLine.TestRunResultAggregator., took 0 ms.
TpTrace Verbose: 0 : 34696, 4, 2025/02/06, 01:20:11.859, 313184869406, vstest.console.dll, MulticastDelegateUtilities.SafeInvoke: InternalTestLoggerEvents.SendTestRunMessage: Invoking callback 1/1 for Microsoft.VisualStudio.TestPlatform.CommandLine.Internal.ConsoleLogger., took 0 ms.
TpTrace Information: 0 : 34696, 14, 2025/02/06, 01:20:11.859, 313184869477, vstest.console.dll, TestRunRequest:SendTestRunMessage: Completed.
TpTrace Verbose: 0 : 34696, 14, 2025/02/06, 01:20:11.859, 313184869886, vstest.console.dll, MulticastDelegateUtilities.SafeInvoke: LengthPrefixCommunicationChannel: MessageReceived: Invoking callback 1/1 for Microsoft.VisualStudio.TestPlatform.CommunicationUtilities.TestRequestSender+<>c__DisplayClass34_0., took 0 ms.
TpTrace Verbose: 0 : 34696, 14, 2025/02/06, 01:20:11.859, 313184870066, vstest.console.dll, TcpClientExtensions.MessageLoopAsync: Polling on remoteEndPoint: 127.0.0.1:56455 localEndPoint: 127.0.0.1:56454 after 0 ms
TpTrace Verbose: 0 : 34696, 14, 2025/02/06, 01:20:11.859, 313184870312, vstest.console.dll, TcpClientExtensions.MessageLoopAsync: NotifyDataAvailable remoteEndPoint: 127.0.0.1:56455 localEndPoint: 127.0.0.1:56454
TpTrace Verbose: 0 : 34696, 14, 2025/02/06, 01:20:11.859, 313184870603, vstest.console.dll, TestRequestSender.OnExecutionMessageReceived: Received message: {"Version":7,"MessageType":"TestSession.Message","Payload":{"MessageLevel":0,"Message":"[xUnit.net 00:00:00.56]         C:\\Users\\David\\source\\repos\\PruebaTecnica\\ClothesShop\\Tests\\ServiceTest\\ProductServiceTest.cs(45,0): at ProductServiceTests.GetAllProductsAsync_ReturnsListOfProducts()"}}
TpTrace Verbose: 0 : 34696, 14, 2025/02/06, 01:20:11.859, 313184871034, vstest.console.dll, TestRunRequest:SendTestRunMessage: Starting.
TpTrace Verbose: 0 : 34696, 14, 2025/02/06, 01:20:11.859, 313184871323, vstest.console.dll, MulticastDelegateUtilities.SafeInvoke: TestRun.LogMessages: Invoking callback 1/1 for Microsoft.VisualStudio.TestPlatform.CommandLine.TestRunResultAggregator., took 0 ms.
TpTrace Information: 0 : 34696, 14, 2025/02/06, 01:20:11.859, 313184871508, vstest.console.dll, TestRunRequest:SendTestRunMessage: Completed.
TpTrace Verbose: 0 : 34696, 14, 2025/02/06, 01:20:11.859, 313184871727, vstest.console.dll, MulticastDelegateUtilities.SafeInvoke: LengthPrefixCommunicationChannel: MessageReceived: Invoking callback 1/1 for Microsoft.VisualStudio.TestPlatform.CommunicationUtilities.TestRequestSender+<>c__DisplayClass34_0., took 0 ms.
TpTrace Verbose: 0 : 34696, 4, 2025/02/06, 01:20:11.859, 313184871936, vstest.console.dll, MulticastDelegateUtilities.SafeInvoke: InternalTestLoggerEvents.SendTestRunMessage: Invoking callback 1/1 for Microsoft.VisualStudio.TestPlatform.CommandLine.Internal.ConsoleLogger., took 0 ms.
TpTrace Verbose: 0 : 34696, 14, 2025/02/06, 01:20:11.859, 313184872795, vstest.console.dll, TcpClientExtensions.MessageLoopAsync: Polling on remoteEndPoint: 127.0.0.1:56455 localEndPoint: 127.0.0.1:56454 after 0 ms
TpTrace Verbose: 0 : 34696, 14, 2025/02/06, 01:20:11.859, 313184873125, vstest.console.dll, TcpClientExtensions.MessageLoopAsync: NotifyDataAvailable remoteEndPoint: 127.0.0.1:56455 localEndPoint: 127.0.0.1:56454
TpTrace Verbose: 0 : 34696, 14, 2025/02/06, 01:20:11.860, 313184873420, vstest.console.dll, TestRequestSender.OnExecutionMessageReceived: Received message: {"Version":7,"MessageType":"TestSession.Message","Payload":{"MessageLevel":0,"Message":"[xUnit.net 00:00:00.56]         --- End of stack trace from previous location ---"}}
TpTrace Verbose: 0 : 34696, 14, 2025/02/06, 01:20:11.860, 313184873850, vstest.console.dll, TestRunRequest:SendTestRunMessage: Starting.
TpTrace Verbose: 0 : 34696, 14, 2025/02/06, 01:20:11.860, 313184874149, vstest.console.dll, MulticastDelegateUtilities.SafeInvoke: TestRun.LogMessages: Invoking callback 1/1 for Microsoft.VisualStudio.TestPlatform.CommandLine.TestRunResultAggregator., took 0 ms.
TpTrace Verbose: 0 : 34696, 4, 2025/02/06, 01:20:11.860, 313184874233, vstest.console.dll, MulticastDelegateUtilities.SafeInvoke: InternalTestLoggerEvents.SendTestRunMessage: Invoking callback 1/1 for Microsoft.VisualStudio.TestPlatform.CommandLine.Internal.ConsoleLogger., took 0 ms.
TpTrace Information: 0 : 34696, 14, 2025/02/06, 01:20:11.860, 313184874357, vstest.console.dll, TestRunRequest:SendTestRunMessage: Completed.
TpTrace Verbose: 0 : 34696, 14, 2025/02/06, 01:20:11.860, 313184874916, vstest.console.dll, MulticastDelegateUtilities.SafeInvoke: LengthPrefixCommunicationChannel: MessageReceived: Invoking callback 1/1 for Microsoft.VisualStudio.TestPlatform.CommunicationUtilities.TestRequestSender+<>c__DisplayClass34_0., took 0 ms.
TpTrace Verbose: 0 : 34696, 14, 2025/02/06, 01:20:11.860, 313184875114, vstest.console.dll, TcpClientExtensions.MessageLoopAsync: Polling on remoteEndPoint: 127.0.0.1:56455 localEndPoint: 127.0.0.1:56454 after 0 ms
TpTrace Verbose: 0 : 34696, 14, 2025/02/06, 01:20:11.873, 313185005721, vstest.console.dll, TcpClientExtensions.MessageLoopAsync: NotifyDataAvailable remoteEndPoint: 127.0.0.1:56455 localEndPoint: 127.0.0.1:56454
TpTrace Verbose: 0 : 34696, 14, 2025/02/06, 01:20:11.873, 313185006981, vstest.console.dll, TestRequestSender.OnExecutionMessageReceived: Received message: {"Version":7,"MessageType":"TestSession.Message","Payload":{"MessageLevel":0,"Message":"[xUnit.net 00:00:00.57]   Finished:    Tests"}}
TpTrace Verbose: 0 : 34696, 14, 2025/02/06, 01:20:11.873, 313185008011, vstest.console.dll, TestRunRequest:SendTestRunMessage: Starting.
TpTrace Verbose: 0 : 34696, 14, 2025/02/06, 01:20:11.873, 313185008446, vstest.console.dll, MulticastDelegateUtilities.SafeInvoke: TestRun.LogMessages: Invoking callback 1/1 for Microsoft.VisualStudio.TestPlatform.CommandLine.TestRunResultAggregator., took 0 ms.
TpTrace Information: 0 : 34696, 14, 2025/02/06, 01:20:11.873, 313185008653, vstest.console.dll, TestRunRequest:SendTestRunMessage: Completed.
TpTrace Verbose: 0 : 34696, 14, 2025/02/06, 01:20:11.873, 313185008841, vstest.console.dll, MulticastDelegateUtilities.SafeInvoke: LengthPrefixCommunicationChannel: MessageReceived: Invoking callback 1/1 for Microsoft.VisualStudio.TestPlatform.CommunicationUtilities.TestRequestSender+<>c__DisplayClass34_0., took 0 ms.
TpTrace Verbose: 0 : 34696, 14, 2025/02/06, 01:20:11.873, 313185009145, vstest.console.dll, TcpClientExtensions.MessageLoopAsync: Polling on remoteEndPoint: 127.0.0.1:56455 localEndPoint: 127.0.0.1:56454 after 13 ms
TpTrace Verbose: 0 : 34696, 4, 2025/02/06, 01:20:11.873, 313185009048, vstest.console.dll, MulticastDelegateUtilities.SafeInvoke: InternalTestLoggerEvents.SendTestRunMessage: Invoking callback 1/1 for Microsoft.VisualStudio.TestPlatform.CommandLine.Internal.ConsoleLogger., took 0 ms.
TpTrace Verbose: 0 : 34696, 14, 2025/02/06, 01:20:11.885, 313185129676, vstest.console.dll, TcpClientExtensions.MessageLoopAsync: NotifyDataAvailable remoteEndPoint: 127.0.0.1:56455 localEndPoint: 127.0.0.1:56454
TpTrace Verbose: 0 : 34696, 14, 2025/02/06, 01:20:11.885, 313185131849, vstest.console.dll, TestRequestSender.OnExecutionMessageReceived: Received message: {"Version":7,"MessageType":"TestExecution.Completed","Payload":{"TestRunCompleteArgs":{"TestRunStatistics":{"ExecutedTests":15,"Stats":{"Passed":14,"Failed":1}},"IsCanceled":false,"IsAborted":false,"Error":null,"AttachmentSets":[],"InvokedDataCollectors":[],"ElapsedTimeInRunningTests":"00:00:00.5855484","Metrics":{},"DiscoveredExtensions":{"TestDiscoverers":["Xunit.Runner.VisualStudio.VsTestRunner, xunit.runner.visualstudio.dotnetcore.testadapter, Version=2.5.0.0, Culture=neutral, PublicKeyToken=null"],"TestExecutors":["executor://xunit/VsTestRunner2/netcoreapp"],"TestExecutors2":[],"TestSettingsProviders":[]}},"LastRunTests":{"NewTestResults":[{"TestCase":{"Id":"bda439c5-71f5-3641-5ba1-fa98ea975438","FullyQualifiedName":"ProductServiceTests.GetProductByIdAsync_ReturnsNotFound_WhenDoesNotExist","DisplayName":"ProductServiceTests.GetProductByIdAsync_ReturnsNotFound_WhenDoesNotExist","ExecutorUri":"executor://xunit/VsTestRunner2/netcoreapp","Source":"C:\\Users\\David\\source\\repos\\PruebaTecnica\\ClothesShop\\Tests\\bin\\Debug\\net8.0\\fine-code-coverage\\build-output\\Tests.dll","CodeFilePath":null,"LineNumber":0,"Properties":[]},"Attachments":[],"Outcome":1,"ErrorMessage":null,"ErrorStackTrace":null,"DisplayName":"ProductServiceTests.GetProductByIdAsync_ReturnsNotFound_WhenDoesNotExist","Messages":[],"ComputerName":"DESKTOP-AD57HPB","Duration":"00:00:00.1237494","StartTime":"2025-02-06T00:20:11.8312617+00:00","EndTime":"2025-02-06T00:20:11.8312621+00:00","Properties":[]},{"TestCase":{"Id":"727648e8-f13f-cb5c-34ac-a7cecc05b53d","FullyQualifiedName":"ProductServiceTests.DeleteProductAsync_ReturnsNotFound_WhenProductDoesNotExist","DisplayName":"ProductServiceTests.DeleteProductAsync_ReturnsNotFound_WhenProductDoesNotExist","ExecutorUri":"executor://xunit/VsTestRunner2/netcoreapp","Source":"C:\\Users\\David\\source\\repos\\PruebaTecnica\\ClothesShop\\Tests\\bin\\Debug\\net8.0\\fine-code-coverage\\build-output\\Tests.dll","CodeFilePath":null,"LineNumber":0,"Properties":[]},"Attachments":[],"Outcome":1,"ErrorMessage":null,"ErrorStackTrace":null,"DisplayName":"ProductServiceTests.DeleteProductAsync_ReturnsNotFound_WhenProductDoesNotExist","Messages":[],"ComputerName":"DESKTOP-AD57HPB","Duration":"00:00:00.0118491","StartTime":"2025-02-06T00:20:11.8432119+00:00","EndTime":"2025-02-06T00:20:11.8432122+00:00","Properties":[]},{"TestCase":{"Id":"2ed7338d-0ea7-ce07-904c-3ce470db7917","FullyQualifiedName":"ProductServiceTests.GetAllProductsAsync_ReturnsListOfProducts","DisplayName":"ProductServiceTests.GetAllProductsAsync_ReturnsListOfProducts","ExecutorUri":"executor://xunit/VsTestRunner2/netcoreapp","Source":"C:\\Users\\David\\source\\repos\\PruebaTecnica\\ClothesShop\\Tests\\bin\\Debug\\net8.0\\fine-code-coverage\\build-output\\Tests.dll","CodeFilePath":null,"LineNumber":0,"Properties":[]},"Attachments":[],"Outcome":2,"ErrorMessage":"Assert.Equal() Failure: Values differ\r\nExpected: 2\r\nActual:   3","ErrorStackTrace":"   at ProductServiceTests.GetAllProductsAsync_ReturnsListOfProducts() in C:\\Users\\David\\source\\repos\\PruebaTecnica\\ClothesShop\\Tests\\ServiceTest\\ProductServiceTest.cs:line 45\r\n--- End of stack trace from previous location ---","DisplayName":"ProductServiceTests.GetAllProductsAsync_ReturnsListOfProducts","Messages":[],"ComputerName":"DESKTOP-AD57HPB","Duration":"00:00:00.0066981","StartTime":"2025-02-06T00:20:11.859438+00:00","EndTime":"2025-02-06T00:20:11.8594381+00:00","Properties":[]},{"TestCase":{"Id":"ff4891c9-5ec1-9297-2de1-81fca8c62aca","FullyQualifiedName":"ProductServiceTests.GetProductByIdAsync_ReturnsProduct_WhenExists","DisplayName":"ProductServiceTests.GetProductByIdAsync_ReturnsProduct_WhenExists","ExecutorUri":"executor://xunit/VsTestRunner2/netcoreapp","Source":"C:\\Users\\David\\source\\repos\\PruebaTecnica\\ClothesShop\\Tests\\bin\\Debug\\net8.0\\fine-code-coverage\\build-output\\Tests.dll","CodeFilePath":null,"LineNumber":0,"Properties":[]},"Attachments":[],"Outcome":1,"ErrorMessage":null,"ErrorStackTrace":null,"DisplayName":"ProductServiceTests.GetProductByIdAsync_ReturnsProduct_WhenExists","Messages":[],"ComputerName":"DESKTOP-AD57HPB","Duration":"00:00:00.0009517","StartTime":"2025-02-06T00:20:11.8612428+00:00","EndTime":"2025-02-06T00:20:11.8612428+00:00","Properties":[]},{"TestCase":{"Id":"35d914c0-8c6c-6dcb-cc30-1d2a3e305efa","FullyQualifiedName":"ProductServiceTests.AddProductAsync_AddsProductSuccessfully","DisplayName":"ProductServiceTests.AddProductAsync_AddsProductSuccessfully","ExecutorUri":"executor://xunit/VsTestRunner2/netcoreapp","Source":"C:\\Users\\David\\source\\repos\\PruebaTecnica\\ClothesShop\\Tests\\bin\\Debug\\net8.0\\fine-code-coverage\\build-output\\Tests.dll","CodeFilePath":null,"LineNumber":0,"Properties":[]},"Attachments":[],"Outcome":1,"ErrorMessage":null,"ErrorStackTrace":null,"DisplayName":"ProductServiceTests.AddProductAsync_AddsProductSuccessfully","Messages":[],"ComputerName":"DESKTOP-AD57HPB","Duration":"00:00:00.0092707","StartTime":"2025-02-06T00:20:11.8657071+00:00","EndTime":"2025-02-06T00:20:11.8657073+00:00","Properties":[]},{"TestCase":{"Id":"61c53bde-7119-3c9d-13ad-27d5b1871b5f","FullyQualifiedName":"ProductServiceTests.DeleteProductAsync_DeletesProductSuccessfully","DisplayName":"ProductServiceTests.DeleteProductAsync_DeletesProductSuccessfully","ExecutorUri":"executor://xunit/VsTestRunner2/netcoreapp","Source":"C:\\Users\\David\\source\\repos\\PruebaTecnica\\ClothesShop\\Tests\\bin\\Debug\\net8.0\\fine-code-coverage\\build-output\\Tests.dll","CodeFilePath":null,"LineNumber":0,"Properties":[]},"Attachments":[],"Outcome":1,"ErrorMessage":null,"ErrorStackTrace":null,"DisplayName":"ProductServiceTests.DeleteProductAsync_DeletesProductSuccessfully","Messages":[],"ComputerName":"DESKTOP-AD57HPB","Duration":"00:00:00.0049736","StartTime":"2025-02-06T00:20:11.8707298+00:00","EndTime":"2025-02-06T00:20:11.8707299+00:00","Properties":[]}],"TestRunStatistics":{"ExecutedTests":15,"Stats":{"Passed":14,"Failed":1}},"ActiveTests":[]},"RunAttachments":[],"ExecutorUris":["executor://xunit/VsTestRunner2/netcoreapp"]}}
TpTrace Verbose: 0 : 34696, 14, 2025/02/06, 01:20:11.885, 313185133002, vstest.console.dll, TestRequestSender.EndSession: Sending end session.
TpTrace Verbose: 0 : 34696, 14, 2025/02/06, 01:20:11.886, 313185134399, vstest.console.dll, ProxyOperationManager.Close: waiting for test host to exit for 100 ms
TpTrace Verbose: 0 : 34696, 13, 2025/02/06, 01:20:11.908, 313185356666, vstest.console.dll, TestHostManagerCallbacks.ctor: Experimental forwarding output is disabled.
TpTrace Warning: 0 : 34696, 13, 2025/02/06, 01:20:11.908, 313185358535, vstest.console.dll, TestHostManagerCallbacks.ErrorReceivedCallback Test host standard error line: 
TpTrace Verbose: 0 : 34696, 13, 2025/02/06, 01:20:11.917, 313185445707, vstest.console.dll, TestHostProvider.ExitCallBack: Host exited starting callback.
TpTrace Information: 0 : 34696, 13, 2025/02/06, 01:20:11.917, 313185446540, vstest.console.dll, TestHostManagerCallbacks.ExitCallBack: Testhost processId: 44952 exited with exitcode: 0 error: ''
TpTrace Verbose: 0 : 34696, 13, 2025/02/06, 01:20:11.917, 313185446809, vstest.console.dll, DotnetTestHostManager.OnHostExited: invoking OnHostExited callback
TpTrace Verbose: 0 : 34696, 13, 2025/02/06, 01:20:11.917, 313185447222, vstest.console.dll, CrossPlatEngine.TestHostManagerHostExited: calling on client process exit callback.
TpTrace Information: 0 : 34696, 13, 2025/02/06, 01:20:11.917, 313185447686, vstest.console.dll, TestRequestSender.OnClientProcessExit: Test host process exited. Standard error: 
TpTrace Information: 0 : 34696, 13, 2025/02/06, 01:20:11.917, 313185447975, vstest.console.dll, SocketServer.Stop: Stop server endPoint: 127.0.0.1:56454
TpTrace Information: 0 : 34696, 13, 2025/02/06, 01:20:11.917, 313185448149, vstest.console.dll, SocketServer.Stop: Cancellation requested. Stopping message loop.
TpTrace Information: 0 : 34696, 14, 2025/02/06, 01:20:11.917, 313185448193, vstest.console.dll, SocketServer.Stop: Stop server endPoint: 127.0.0.1:56454
TpTrace Information: 0 : 34696, 14, 2025/02/06, 01:20:11.917, 313185449221, vstest.console.dll, SocketServer.Stop: Cancellation requested. Stopping message loop.
TpTrace Verbose: 0 : 34696, 13, 2025/02/06, 01:20:11.917, 313185448907, vstest.console.dll, MulticastDelegateUtilities.SafeInvoke: HostProviderEvents.OnHostExited: Invoking callback 1/1 for Microsoft.VisualStudio.TestPlatform.CrossPlatEngine.Client.ProxyOperationManager., took 0 ms.
TpTrace Information: 0 : 34696, 14, 2025/02/06, 01:20:11.917, 313185449772, vstest.console.dll, Closing the connection
TpTrace Verbose: 0 : 34696, 14, 2025/02/06, 01:20:11.917, 313185452619, vstest.console.dll, ProxyDataCollectionManager.InvokeDataCollectionServiceAction: Starting.
TpTrace Information: 0 : 34696, 14, 2025/02/06, 01:20:11.917, 313185452939, vstest.console.dll, ProxyDataCollectionManager.AfterTestRunEnd: Get attachment set and invoked data collectors processId: 34312 port: 56451
TpTrace Verbose: 0 : 34696, 14, 2025/02/06, 01:20:11.917, 313185453287, vstest.console.dll, DataCollectionRequestSender.SendAfterTestRunStartAndGetResult: Send AfterTestRunEnd message with isCancelled: False
TpTrace Verbose: 0 : 34696, 14, 2025/02/06, 01:20:11.923, 313185504087, vstest.console.dll, DataCollectionRequestSender.SendAfterTestRunStartAndGetResult: Received message: (DataCollection.AfterTestRunEndResult) -> {"MessageType":"DataCollection.AfterTestRunEndResult","Payload":{"AttachmentSets":[],"InvokedDataCollectors":[{"Uri":"datacollector://Microsoft/TestPlatform/Extensions/Blame/v1","FriendlyName":"Blame","AssemblyQualifiedName":"Microsoft.TestPlatform.Extensions.BlameDataCollector.BlameCollector, Microsoft.TestPlatform.Extensions.BlameDataCollector, Version=15.0.0.0, Culture=neutral, PublicKeyToken=b03f5f7f11d50a3a","FilePath":"c:\\program files\\dotnet\\sdk\\8.0.303\\Extensions\\Microsoft.TestPlatform.Extensions.BlameDataCollector.dll","HasAttachmentProcessor":false}],"Metrics":{}}}
TpTrace Warning: 0 : 34696, 11, 2025/02/06, 01:20:11.926, 313185540656, vstest.console.dll, DataCollectionLauncher.ErrorReceivedCallback datacollector standard error line: 
TpTrace Information: 0 : 34696, 14, 2025/02/06, 01:20:11.926, 313185541694, vstest.console.dll, ProxyDataCollectionManager.InvokeDataCollectionServiceAction: Completed.
TpTrace Information: 0 : 34696, 11, 2025/02/06, 01:20:11.931, 313185588323, vstest.console.dll, DataCollectionLauncher.ExitCallBack: Data collector exited with exitcode: 0 error: ''
TpTrace Verbose: 0 : 34696, 14, 2025/02/06, 01:20:11.950, 313185776957, vstest.console.dll, TestRunRequest:SendTestRunStatsChange: Starting.
TpTrace Verbose: 0 : 34696, 14, 2025/02/06, 01:20:11.950, 313185778104, vstest.console.dll, MulticastDelegateUtilities.SafeInvoke: TestRun.RunStatsChanged: Invoking callbacks was skipped because there are no subscribers.
TpTrace Information: 0 : 34696, 14, 2025/02/06, 01:20:11.950, 313185778326, vstest.console.dll, TestRunRequest:SendTestRunStatsChange: Completed.
TpTrace Verbose: 0 : 34696, 4, 2025/02/06, 01:20:11.950, 313185779211, vstest.console.dll, MulticastDelegateUtilities.SafeInvoke: InternalTestLoggerEvents.SendTestResult: Invoking callback 1/1 for Microsoft.VisualStudio.TestPlatform.CommandLine.Internal.ConsoleLogger., took 0 ms.
TpTrace Verbose: 0 : 34696, 4, 2025/02/06, 01:20:11.950, 313185780259, vstest.console.dll, MulticastDelegateUtilities.SafeInvoke: InternalTestLoggerEvents.SendTestResult: Invoking callback 1/1 for Microsoft.VisualStudio.TestPlatform.CommandLine.Internal.ConsoleLogger., took 0 ms.
TpTrace Verbose: 0 : 34696, 14, 2025/02/06, 01:20:11.950, 313185780567, vstest.console.dll, ParallelProxyExecutionManager: HandlePartialRunComplete: Total workloads = 1, Total started clients = 1 Total completed clients = 1, Run complete = True, Run canceled: False.
TpTrace Verbose: 0 : 34696, 14, 2025/02/06, 01:20:11.950, 313185780910, vstest.console.dll, ParallelProxyExecutionManager: HandlePartialRunComplete: All runs completed stopping all managers.
TpTrace Verbose: 0 : 34696, 14, 2025/02/06, 01:20:11.950, 313185781157, vstest.console.dll, ParallelOperationManager.StopAllManagers: Stopping all managers.
TpTrace Verbose: 0 : 34696, 14, 2025/02/06, 01:20:11.950, 313185781352, vstest.console.dll, ParallelOperationManager.ClearSlots: Clearing all slots. Slots should accept more work: False
TpTrace Verbose: 0 : 34696, 14, 2025/02/06, 01:20:11.950, 313185781686, vstest.console.dll, ParallelOperationManager.SetOccupiedSlotCount: Setting slot counts AvailableSlotCount = 1, OccupiedSlotCount = 0.
TpTrace Verbose: 0 : 34696, 14, 2025/02/06, 01:20:11.950, 313185782182, vstest.console.dll, Occupied slots:

TpTrace Verbose: 0 : 34696, 4, 2025/02/06, 01:20:11.951, 313185785096, vstest.console.dll, MulticastDelegateUtilities.SafeInvoke: InternalTestLoggerEvents.SendTestResult: Invoking callback 1/1 for Microsoft.VisualStudio.TestPlatform.CommandLine.Internal.ConsoleLogger., took 0 ms.
TpTrace Verbose: 0 : 34696, 4, 2025/02/06, 01:20:11.951, 313185785629, vstest.console.dll, MulticastDelegateUtilities.SafeInvoke: InternalTestLoggerEvents.SendTestResult: Invoking callback 1/1 for Microsoft.VisualStudio.TestPlatform.CommandLine.Internal.ConsoleLogger., took 0 ms.
TpTrace Verbose: 0 : 34696, 4, 2025/02/06, 01:20:11.951, 313185787517, vstest.console.dll, MulticastDelegateUtilities.SafeInvoke: InternalTestLoggerEvents.SendTestResult: Invoking callback 1/1 for Microsoft.VisualStudio.TestPlatform.CommandLine.Internal.ConsoleLogger., took 0 ms.
TpTrace Verbose: 0 : 34696, 4, 2025/02/06, 01:20:11.951, 313185787946, vstest.console.dll, MulticastDelegateUtilities.SafeInvoke: InternalTestLoggerEvents.SendTestResult: Invoking callback 1/1 for Microsoft.VisualStudio.TestPlatform.CommandLine.Internal.ConsoleLogger., took 0 ms.
TpTrace Verbose: 0 : 34696, 4, 2025/02/06, 01:20:11.956, 313185836296, vstest.console.dll, MulticastDelegateUtilities.SafeInvoke: InternalTestLoggerEvents.SendTestRunComplete: Invoking callback 1/2 for Microsoft.TestPlatform.Extensions.BlameDataCollector.BlameLogger., took 0 ms.
TpTrace Verbose: 0 : 34696, 4, 2025/02/06, 01:20:11.960, 313185875958, vstest.console.dll, MulticastDelegateUtilities.SafeInvoke: InternalTestLoggerEvents.SendTestRunComplete: Invoking callback 2/2 for Microsoft.VisualStudio.TestPlatform.CommandLine.Internal.ConsoleLogger., took 3 ms.
TpTrace Verbose: 0 : 34696, 14, 2025/02/06, 01:20:11.960, 313185879102, vstest.console.dll, TestRunRequest:TestRunComplete: Starting. IsAborted:False IsCanceled:False.
TpTrace Verbose: 0 : 34696, 14, 2025/02/06, 01:20:11.960, 313185880329, vstest.console.dll, ParallelOperationManager.DoActionOnAllManagers: Calling an action on all managers.
TpTrace Verbose: 0 : 34696, 14, 2025/02/06, 01:20:11.961, 313185887632, vstest.console.dll, TestLoggerManager.HandleTestRunComplete: Ignoring as the object is disposed.
TpTrace Verbose: 0 : 34696, 14, 2025/02/06, 01:20:11.961, 313185888765, vstest.console.dll, MulticastDelegateUtilities.SafeInvoke: TestRun.TestRunComplete: Invoking callback 1/2 for Microsoft.VisualStudio.TestPlatform.CommandLine.TestRunResultAggregator., took 0 ms.
TpTrace Verbose: 0 : 34696, 14, 2025/02/06, 01:20:11.961, 313185889694, vstest.console.dll, MulticastDelegateUtilities.SafeInvoke: TestRun.TestRunComplete: Invoking callback 2/2 for Microsoft.VisualStudio.TestPlatform.CommandLine.Processors.RunTestsArgumentExecutor+TestRunRequestEventsRegistrar., took 0 ms.
TpTrace Information: 0 : 34696, 14, 2025/02/06, 01:20:11.961, 313185890581, vstest.console.dll, TestRunRequest:TestRunComplete: Completed.
TpTrace Verbose: 0 : 34696, 1, 2025/02/06, 01:20:11.961, 313185890760, vstest.console.dll, TestRunRequest.Dispose: Starting.
TpTrace Verbose: 0 : 34696, 14, 2025/02/06, 01:20:11.961, 313185891115, vstest.console.dll, TestRequestSender.SetOperationComplete: Setting operation complete.
TpTrace Information: 0 : 34696, 1, 2025/02/06, 01:20:11.961, 313185891700, vstest.console.dll, TestRunRequest.Dispose: Completed.
TpTrace Information: 0 : 34696, 14, 2025/02/06, 01:20:11.961, 313185892051, vstest.console.dll, SocketServer.Stop: Stop server endPoint: 127.0.0.1:56454
TpTrace Information: 0 : 34696, 14, 2025/02/06, 01:20:11.961, 313185892354, vstest.console.dll, SocketServer.Stop: Cancellation requested. Stopping message loop.
TpTrace Information: 0 : 34696, 1, 2025/02/06, 01:20:11.961, 313185892147, vstest.console.dll, TestRequestManager.RunTests: run tests completed.
TpTrace Verbose: 0 : 34696, 14, 2025/02/06, 01:20:11.961, 313185892612, vstest.console.dll, MulticastDelegateUtilities.SafeInvoke: LengthPrefixCommunicationChannel: MessageReceived: Invoking callback 1/1 for Microsoft.VisualStudio.TestPlatform.CommunicationUtilities.TestRequestSender+<>c__DisplayClass34_0., took 76 ms.
TpTrace Information: 0 : 34696, 1, 2025/02/06, 01:20:11.961, 313185893271, vstest.console.dll, RunTestsArgumentProcessor:Execute: Test run is completed.
TpTrace Information: 0 : 34696, 14, 2025/02/06, 01:20:11.961, 313185893314, vstest.console.dll, SocketServer.PrivateStop: Stopping server endPoint: 127.0.0.1:56454 error: 
TpTrace Verbose: 0 : 34696, 1, 2025/02/06, 01:20:11.962, 313185895111, vstest.console.dll, Executor.Execute: Exiting with exit code of 1
TpTrace Verbose: 0 : 34696, 14, 2025/02/06, 01:20:11.962, 313185897071, vstest.console.dll, LengthPrefixCommunicationChannel.Dispose: Dispose reader and writer.
TpTrace Information: 0 : 34696, 14, 2025/02/06, 01:20:11.962, 313185897617, vstest.console.dll, SocketServer.Stop: Raise disconnected event endPoint: 127.0.0.1:56454 error: 
TpTrace Verbose: 0 : 34696, 14, 2025/02/06, 01:20:11.962, 313185898110, vstest.console.dll, TestRequestSender: OnTestRunAbort: Operation is already complete. Skip error message.
